0 verbose cli /usr/local/bin/node /usr/local/bin/npm
1 info using npm@9.8.1
2 info using node@v19.9.0
3 timing npm:load:whichnode Completed in 19ms
4 timing config:load:defaults Completed in 98ms
5 timing config:load:file:/usr/local/lib/node_modules/npm/npmrc Completed in 5ms
6 timing config:load:builtin Completed in 8ms
7 timing config:load:cli Completed in 10ms
8 timing config:load:env Completed in 3ms
9 timing config:load:project Completed in 7ms
10 timing config:load:file:/home/container/.npmrc Completed in 2ms
11 timing config:load:user Completed in 2ms
12 timing config:load:file:/usr/local/etc/npmrc Completed in 0ms
13 timing config:load:global Completed in 0ms
14 timing config:load:setEnvs Completed in 2ms
15 timing config:load Completed in 132ms
16 timing npm:load:configload Completed in 132ms
17 timing config:load:flatten Completed in 10ms
18 timing npm:load:mkdirpcache Completed in 3ms
19 timing npm:load:mkdirplogs Completed in 1ms
20 verbose title npm install
21 verbose argv "install"
22 timing npm:load:setTitle Completed in 1ms
23 timing npm:load:display Completed in 3ms
24 verbose logfile logs-max:10 dir:/home/container/.npm/_logs/2024-04-02T22_54_47_084Z-
25 verbose logfile /home/container/.npm/_logs/2024-04-02T22_54_47_084Z-debug-0.log
26 timing npm:load:logFile Completed in 74ms
27 timing npm:load:timers Completed in 0ms
28 timing npm:load:configScope Completed in 0ms
29 timing npm:load Completed in 293ms
30 timing arborist:ctor Completed in 1ms
31 silly logfile done cleaning log files
32 timing idealTree:init Completed in 889ms
33 timing idealTree:userRequests Completed in 0ms
34 silly idealTree buildDeps
35 timing idealTree:#root Completed in 0ms
36 timing idealTree:buildDeps Completed in 2ms
37 timing idealTree:fixDepFlags Completed in 0ms
38 timing idealTree Completed in 897ms
39 timing arborist:ctor Completed in 0ms
40 timing reify:loadTrees Completed in 1191ms
41 timing reify:diffTrees Completed in 22ms
42 silly reify moves {}
43 timing reify:retireShallow Completed in 1ms
44 timing reify:createSparse Completed in 14ms
45 timing reify:loadBundles Completed in 0ms
46 silly audit bulk request {
46 silly audit   '@aero/centra': [ '1.0.8' ],
46 silly audit   '@babel/runtime': [ '7.24.1' ],
46 silly audit   '@discordjs/builders': [ '0.16.0' ],
46 silly audit   'discord-api-types': [ '0.36.3', '0.33.5' ],
46 silly audit   '@discordjs/collection': [ '0.1.6', '0.7.0' ],
46 silly audit   '@discordjs/form-data': [ '3.0.1' ],
46 silly audit   '@napi-rs/canvas': [ '0.1.51' ],
46 silly audit   '@napi-rs/canvas-android-arm64': [ '0.1.51' ],
46 silly audit   '@napi-rs/canvas-darwin-arm64': [ '0.1.51' ],
46 silly audit   '@napi-rs/canvas-darwin-x64': [ '0.1.51' ],
46 silly audit   '@napi-rs/canvas-linux-arm-gnueabihf': [ '0.1.51' ],
46 silly audit   '@napi-rs/canvas-linux-arm64-gnu': [ '0.1.51' ],
46 silly audit   '@napi-rs/canvas-linux-arm64-musl': [ '0.1.51' ],
46 silly audit   '@napi-rs/canvas-linux-x64-gnu': [ '0.1.51' ],
46 silly audit   '@napi-rs/canvas-linux-x64-musl': [ '0.1.51' ],
46 silly audit   '@napi-rs/canvas-win32-x64-msvc': [ '0.1.51' ],
46 silly audit   '@sapphire/async-queue': [ '1.5.2' ],
46 silly audit   '@sapphire/shapeshift': [ '3.9.7' ],
46 silly audit   '@types/node': [ '20.12.2' ],
46 silly audit   '@types/node-fetch': [ '2.6.11' ],
46 silly audit   '@types/ws': [ '8.5.10' ],
46 silly audit   'abort-controller': [ '3.0.0' ],
46 silly audit   'agent-base': [ '7.1.1' ],
46 silly audit   akaneko: [ '5.3.0' ],
46 silly audit   'aki-api': [ '6.0.9', '5.2.1' ],
46 silly audit   asap: [ '2.0.6' ],
46 silly audit   asynckit: [ '0.4.0' ],
46 silly audit   axios: [ '1.6.8', '0.21.4' ],
46 silly audit   bluebird: [ '3.7.2' ],
46 silly audit   boolbase: [ '1.0.0' ],
46 silly audit   'call-bind': [ '1.0.7' ],
46 silly audit   'capture-stack-trace': [ '1.0.2' ],
46 silly audit   cheerio: [ '1.0.0-rc.12' ],
46 silly audit   'cheerio-select': [ '2.1.0' ],
46 silly audit   'cli-color': [ '2.0.4' ],
46 silly audit   'combined-stream': [ '1.0.8' ],
46 silly audit   'common-tags': [ '1.8.2' ],
46 silly audit   'complex.js': [ '2.1.1' ],
46 silly audit   'component-emitter': [ '1.3.1' ],
46 silly audit   cookiejar: [ '2.1.4' ],
46 silly audit   'cpu-stat': [ '2.0.1' ],
46 silly audit   'create-error-class': [ '3.0.2' ],
46 silly audit   'cross-env': [ '7.0.3' ],
46 silly audit   'cross-fetch': [ '3.1.8' ],
46 silly audit   'node-fetch': [ '2.7.0', '3.3.2' ],
46 silly audit   'cross-spawn': [ '7.0.3' ],
46 silly audit   'css-select': [ '5.1.0' ],
46 silly audit   'css-what': [ '6.1.0' ],
46 silly audit   csvtojson: [ '2.0.10' ],
46 silly audit   d: [ '1.0.2' ],
46 silly audit   'data-uri-to-buffer': [ '4.0.1' ],
46 silly audit   dateformat: [ '5.0.3' ],
46 silly audit   debug: [ '4.3.4' ],
46 silly audit   ms: [ '2.1.2', '2.1.3' ],
46 silly audit   'decimal.js': [ '10.4.3' ],
46 silly audit   deepmerge: [ '4.3.1' ],
46 silly audit   'define-data-property': [ '1.1.4' ],
46 silly audit   'delayed-stream': [ '1.0.0' ],
46 silly audit   dezalgo: [ '1.0.4' ],
46 silly audit   'discord-buttons': [ '4.0.0' ],
46 silly audit   'discord-giveaways': [ '4.5.1' ],
46 silly audit   'discord-player': [ '4.1.4' ],
46 silly audit   'discord-ytdl-core': [ '5.0.4' ],
46 silly audit   'discord.js': [ '12.5.3', '13.17.1' ],
46 silly audit   'dom-serializer': [ '2.0.0' ],
46 silly audit   entities: [ '4.5.0', '2.2.0' ],
46 silly audit   domelementtype: [ '2.3.0' ],
46 silly audit   domhandler: [ '5.0.3' ],
46 silly audit   domutils: [ '3.1.0' ],
46 silly audit   dotenv: [ '16.4.5' ],
46 silly audit   duplexer3: [ '0.1.5' ],
46 silly audit   'easy-games-js': [ '1.2.1' ],
46 silly audit   'es-define-property': [ '1.0.0' ],
46 silly audit   'es-errors': [ '1.3.0' ],
46 silly audit   'es5-ext': [ '0.10.64' ],
46 silly audit   'es6-iterator': [ '2.0.3' ],
46 silly audit   'es6-symbol': [ '3.1.4' ],
46 silly audit   'es6-weak-map': [ '2.0.3' ],
46 silly audit   'escape-latex': [ '1.2.0' ],
46 silly audit   esniff: [ '2.0.1' ],
46 silly audit   'event-emitter': [ '0.3.5' ],
46 silly audit   'event-target-shim': [ '5.0.1' ],
46 silly audit   eventemitter3: [ '1.2.0' ],
46 silly audit   ext: [ '1.7.0' ],
46 silly audit   'fast-deep-equal': [ '3.1.3' ],
46 silly audit   'fast-safe-stringify': [ '2.1.1' ],
46 silly audit   'fetch-blob': [ '3.2.0' ],
46 silly audit   'follow-redirects': [ '1.15.6' ],
46 silly audit   'form-data': [ '4.0.0' ],
46 silly audit   'formdata-polyfill': [ '4.0.10' ],
46 silly audit   formidable: [ '2.1.2' ],
46 silly audit   'fraction.js': [ '4.3.4' ],
46 silly audit   'function-bind': [ '1.1.2' ],
46 silly audit   'get-intrinsic': [ '1.2.4' ],
46 silly audit   'get-stream': [ '3.0.0' ],
46 silly audit   gopd: [ '1.0.1' ],
46 silly audit   got: [ '6.7.1' ],
46 silly audit   'has-property-descriptors': [ '1.0.2' ],
46 silly audit   'has-proto': [ '1.0.3' ],
46 silly audit   'has-symbols': [ '1.0.3' ],
46 silly audit   hasown: [ '2.0.2' ],
46 silly audit   hexoid: [ '1.0.0' ],
46 silly audit   himalaya: [ '1.1.0' ],
46 silly audit   htmlparser2: [ '8.0.2' ],
46 silly audit   'https-proxy-agent': [ '6.2.1' ],
46 silly audit   imurmurhash: [ '0.1.4' ],
46 silly audit   'is-promise': [ '2.2.2' ],
46 silly audit   'is-redirect': [ '1.0.0' ],
46 silly audit   'is-retry-allowed': [ '1.2.0' ],
46 silly audit   'is-stream': [ '1.1.0' ],
46 silly audit   'is-utf8': [ '0.2.1' ],
46 silly audit   isexe: [ '2.0.0' ],
46 silly audit   'javascript-natural-sort': [ '0.7.1' ],
46 silly audit   lodash: [ '4.17.21' ],
46 silly audit   'lowercase-keys': [ '1.0.1' ],
46 silly audit   'lru-cache': [ '6.0.0' ],
46 silly audit   'lru-queue': [ '0.1.0' ],
46 silly audit   m3u8stream: [ '0.8.6' ],
46 silly audit   mathjs: [ '12.4.1' ],
46 silly audit   memoizee: [ '0.4.15' ],
46 silly audit   methods: [ '1.1.2' ],
46 silly audit   mime: [ '2.6.0' ],
46 silly audit   'mime-db': [ '1.52.0' ],
46 silly audit   'mime-types': [ '2.1.35' ],
46 silly audit   miniget: [ '4.2.3' ],
46 silly audit   moment: [ '2.30.1' ],
46 silly audit   'nekos.life': [ '3.0.0' ],
46 silly audit   'next-tick': [ '1.1.0' ],
46 silly audit   node_extra_ca_certs_mozilla_bundle: [ '1.0.6' ],
46 silly audit   'node-domexception': [ '1.0.0' ],
46 silly audit   novelcovid: [ '3.0.2' ],
46 silly audit   'nth-check': [ '2.1.1' ],
46 silly audit   'object-inspect': [ '1.13.1' ],
46 silly audit   once: [ '1.4.0' ],
46 silly audit   parse5: [ '7.1.2' ],
46 silly audit   'parse5-htmlparser2-tree-adapter': [ '7.0.0' ],
46 silly audit   'path-key': [ '3.1.1' ],
46 silly audit   'prepend-http': [ '1.0.4' ],
46 silly audit   'prism-media': [ '1.3.5' ],
46 silly audit   'proxy-from-env': [ '1.1.0' ],
46 silly audit   qs: [ '6.12.0' ],
46 silly audit   'quick.db': [ '9.1.7' ],
46 silly audit   'random-puppy': [ '1.1.0' ],
46 silly audit   randombytes: [ '2.1.0' ],
46 silly audit   'regenerator-runtime': [ '0.14.1' ],
46 silly audit   'rss-parser': [ '3.13.0' ],
46 silly audit   'safe-buffer': [ '5.2.1' ],
46 silly audit   sax: [ '1.3.0' ],
46 silly audit   seedrandom: [ '3.0.5' ],
46 silly audit   semver: [ '7.6.0' ],
46 silly audit   'serialize-javascript': [ '5.0.1' ],
46 silly audit   'set-function-length': [ '1.2.2' ],
46 silly audit   setimmediate: [ '1.0.5' ],
46 silly audit   'shebang-command': [ '2.0.0' ],
46 silly audit   'shebang-regex': [ '3.0.0' ],
46 silly audit   'side-channel': [ '1.0.6' ],
46 silly audit   'signal-exit': [ '4.1.0' ],
46 silly audit   snakecord: [ '1.0.9' ],
46 silly audit   ws: [ '8.16.0', '7.5.9' ],
46 silly audit   'soundcloud-scraper': [ '5.0.3' ],
46 silly audit   'spotify-uri': [ '2.2.2' ],
46 silly audit   'spotify-url-info': [ '2.2.9' ],
46 silly audit   'strip-bom': [ '2.0.0' ],
46 silly audit   superagent: [ '8.1.2' ],
46 silly audit   'timed-out': [ '4.0.1' ],
46 silly audit   'timers-ext': [ '0.1.7' ],
46 silly audit   'tiny-emitter': [ '2.1.0' ],
46 silly audit   tr46: [ '0.0.3' ],
46 silly audit   'ts-mixer': [ '6.0.4' ],
46 silly audit   tslib: [ '2.6.2' ],
46 silly audit   tweetnacl: [ '1.0.3' ],
46 silly audit   type: [ '2.7.2' ],
46 silly audit   'typed-function': [ '4.1.1' ],
46 silly audit   'undici-types': [ '5.26.5' ],
46 silly audit   'unique-random': [ '1.0.0' ],
46 silly audit   'unique-random-array': [ '1.0.1' ],
46 silly audit   'unzip-response': [ '2.0.1' ],
46 silly audit   'url-parse-lax': [ '1.0.0' ],
46 silly audit   'web-streams-polyfill': [ '3.3.3' ],
46 silly audit   'webidl-conversions': [ '3.0.1' ],
46 silly audit   'whatwg-url': [ '5.0.0' ],
46 silly audit   which: [ '2.0.2' ],
46 silly audit   wrappy: [ '1.0.2' ],
46 silly audit   'write-file-atomic': [ '5.0.1' ],
46 silly audit   xml2js: [ '0.5.0' ],
46 silly audit   xmlbuilder: [ '11.0.1' ],
46 silly audit   yallist: [ '4.0.0' ],
46 silly audit   'youtube-sr': [ '4.3.10' ],
46 silly audit   'ytdl-core': [ '4.11.5' ]
46 silly audit }
47 verbose reify failed optional dependency /home/container/node_modules/@napi-rs/canvas-win32-x64-msvc
48 silly reify mark deleted [ '/home/container/node_modules/@napi-rs/canvas-win32-x64-msvc' ]
49 verbose reify failed optional dependency /home/container/node_modules/@napi-rs/canvas-linux-arm64-musl
50 silly reify mark deleted [ '/home/container/node_modules/@napi-rs/canvas-linux-arm64-musl' ]
51 verbose reify failed optional dependency /home/container/node_modules/@napi-rs/canvas-linux-arm64-gnu
52 silly reify mark deleted [ '/home/container/node_modules/@napi-rs/canvas-linux-arm64-gnu' ]
53 verbose reify failed optional dependency /home/container/node_modules/@napi-rs/canvas-linux-arm-gnueabihf
54 silly reify mark deleted [ '/home/container/node_modules/@napi-rs/canvas-linux-arm-gnueabihf' ]
55 verbose reify failed optional dependency /home/container/node_modules/@napi-rs/canvas-darwin-x64
56 silly reify mark deleted [ '/home/container/node_modules/@napi-rs/canvas-darwin-x64' ]
57 verbose reify failed optional dependency /home/container/node_modules/@napi-rs/canvas-darwin-arm64
58 silly reify mark deleted [ '/home/container/node_modules/@napi-rs/canvas-darwin-arm64' ]
59 verbose reify failed optional dependency /home/container/node_modules/@napi-rs/canvas-android-arm64
60 silly reify mark deleted [ '/home/container/node_modules/@napi-rs/canvas-android-arm64' ]
61 timing reifyNode:node_modules/@napi-rs/canvas-win32-x64-msvc Completed in 301ms
62 timing reifyNode:node_modules/@napi-rs/canvas-linux-arm64-musl Completed in 300ms
63 timing reifyNode:node_modules/@napi-rs/canvas-linux-arm64-gnu Completed in 301ms
64 timing reifyNode:node_modules/@napi-rs/canvas-linux-arm-gnueabihf Completed in 301ms
65 timing reifyNode:node_modules/@napi-rs/canvas-darwin-x64 Completed in 301ms
66 timing reifyNode:node_modules/@napi-rs/canvas-darwin-arm64 Completed in 301ms
67 timing reifyNode:node_modules/@napi-rs/canvas-android-arm64 Completed in 300ms
68 timing reify:unpack Completed in 302ms
69 timing reify:unretire Completed in 0ms
70 timing build:queue Completed in 11ms
71 timing build:deps Completed in 11ms
72 timing build Completed in 12ms
73 timing reify:build Completed in 13ms
74 timing reify:trash Completed in 20ms
75 timing reify:save Completed in 359ms
76 http fetch POST 200 https://registry.npmjs.org/-/npm/v1/security/advisories/bulk 1146ms
77 timing auditReport:getReport Completed in 1207ms
78 silly audit report {
78 silly audit report   axios: [
78 silly audit report     {
78 silly audit report       id: 1096525,
78 silly audit report       url: 'https://github.com/advisories/GHSA-wf5p-g6vw-rhxx',
78 silly audit report       title: 'Axios Cross-Site Request Forgery Vulnerability',
78 silly audit report       severity: 'moderate',
78 silly audit report       vulnerable_versions: '>=0.8.1 <0.28.0',
78 silly audit report       cwe: [Array],
78 silly audit report       cvss: [Object]
78 silly audit report     }
78 silly audit report   ],
78 silly audit report   got: [
78 silly audit report     {
78 silly audit report       id: 1088948,
78 silly audit report       url: 'https://github.com/advisories/GHSA-pfrx-2q88-qq97',
78 silly audit report       title: 'Got allows a redirect to a UNIX socket',
78 silly audit report       severity: 'moderate',
78 silly audit report       vulnerable_versions: '<11.8.5',
78 silly audit report       cwe: [],
78 silly audit report       cvss: [Object]
78 silly audit report     }
78 silly audit report   ]
78 silly audit report }
79 timing metavuln:cache:get:security-advisory:axios:DWOj4TL+QC2jnljHYf8aCi6iPBcYq+0LOKjdzNVokECbG1iHEswe3GrSJSIK7xUS0P6cxBtfohelQazrR3iLYA== Completed in 17ms
80 timing metavuln:cache:get:security-advisory:got:6RwqOtyKHRfIYfVtDkU86+jmAkm03OLYFGvOQUWcpuzfU8h8RNz3w5ZFTGeJ+8QNC0jGK3xFL9UvdqMN+kLCrg== Completed in 15ms
81 http fetch GET 200 https://registry.npmjs.org/axios 126ms (cache revalidated)
82 timing metavuln:packument:axios Completed in 133ms
83 timing metavuln:load:security-advisory:axios:1096525 Completed in 32ms
84 timing metavuln:calculate:security-advisory:axios:1096525 Completed in 166ms
85 http fetch GET 200 https://registry.npmjs.org/got 234ms (cache revalidated)
86 timing metavuln:packument:got Completed in 240ms
87 timing metavuln:load:security-advisory:got:1088948 Completed in 2ms
88 timing metavuln:calculate:security-advisory:got:1088948 Completed in 248ms
89 timing metavuln:cache:get:security-advisory:aki-api:Q657zaFtkwL+WxA5q7cry8iX+GN/PBzSG7PbwNQGIVMWZXrSA8DyfxCNj2j1VkH1YKM4/BJiOFkttkrPV/wYIA== Completed in 3ms
90 http fetch GET 200 https://registry.npmjs.org/aki-api 91ms (cache revalidated)
91 timing metavuln:packument:aki-api Completed in 92ms
92 timing metavuln:load:security-advisory:aki-api:DWOj4TL+QC2jnljHYf8aCi6iPBcYq+0LOKjdzNVokECbG1iHEswe3GrSJSIK7xUS0P6cxBtfohelQazrR3iLYA== Completed in 1ms
93 timing metavuln:calculate:security-advisory:aki-api:DWOj4TL+QC2jnljHYf8aCi6iPBcYq+0LOKjdzNVokECbG1iHEswe3GrSJSIK7xUS0P6cxBtfohelQazrR3iLYA== Completed in 93ms
94 timing metavuln:cache:get:security-advisory:random-puppy:E9GzINaCqqryefxkJTKrXrLPZPNAexKrLyGGbF0r+a56ERkvWevb055VZu6906o5fU8uDrjoNuI5rV8eXAchGA== Completed in 3ms
95 http fetch GET 200 https://registry.npmjs.org/random-puppy 750ms (cache revalidated)
96 timing metavuln:packument:random-puppy Completed in 751ms
97 timing metavuln:load:security-advisory:random-puppy:6RwqOtyKHRfIYfVtDkU86+jmAkm03OLYFGvOQUWcpuzfU8h8RNz3w5ZFTGeJ+8QNC0jGK3xFL9UvdqMN+kLCrg== Completed in 0ms
98 timing metavuln:calculate:security-advisory:random-puppy:6RwqOtyKHRfIYfVtDkU86+jmAkm03OLYFGvOQUWcpuzfU8h8RNz3w5ZFTGeJ+8QNC0jGK3xFL9UvdqMN+kLCrg== Completed in 751ms
99 timing metavuln:cache:get:security-advisory:easy-games-js:hi6oJFFI9LLEjKbG/2T+5g2l7pPvs7KOxgwmcOSkXvGvoCFb/tHF15N/C/7OtDwL5/9UHEoM+HXoK2akHRVmQA== Completed in 7ms
100 http fetch GET 200 https://registry.npmjs.org/easy-games-js 704ms (cache revalidated)
101 timing metavuln:packument:easy-games-js Completed in 704ms
102 timing metavuln:load:security-advisory:easy-games-js:Q657zaFtkwL+WxA5q7cry8iX+GN/PBzSG7PbwNQGIVMWZXrSA8DyfxCNj2j1VkH1YKM4/BJiOFkttkrPV/wYIA== Completed in 0ms
103 timing metavuln:calculate:security-advisory:easy-games-js:Q657zaFtkwL+WxA5q7cry8iX+GN/PBzSG7PbwNQGIVMWZXrSA8DyfxCNj2j1VkH1YKM4/BJiOFkttkrPV/wYIA== Completed in 704ms
104 timing auditReport:init Completed in 1807ms
105 timing reify:audit Completed in 3016ms
106 timing reify Completed in 4324ms
107 silly ADD
108 silly ADD
109 silly ADD
110 silly ADD
111 silly ADD
112 silly ADD
113 silly ADD
114 timing command:install Completed in 4348ms
115 verbose exit 0
116 timing npm Completed in 5669ms
117 info ok
