0 verbose cli /usr/local/bin/node /usr/local/bin/npm
1 info using npm@9.8.1
2 info using node@v19.9.0
3 timing npm:load:whichnode Completed in 82ms
4 timing config:load:defaults Completed in 2ms
5 timing config:load:file:/usr/local/lib/node_modules/npm/npmrc Completed in 1ms
6 timing config:load:builtin Completed in 1ms
7 timing config:load:cli Completed in 4ms
8 timing config:load:env Completed in 0ms
9 timing config:load:project Completed in 9ms
10 timing config:load:file:/home/container/.npmrc Completed in 0ms
11 timing config:load:user Completed in 0ms
12 timing config:load:file:/usr/local/etc/npmrc Completed in 2ms
13 timing config:load:global Completed in 2ms
14 timing config:load:setEnvs Completed in 1ms
15 timing config:load Completed in 20ms
16 timing npm:load:configload Completed in 21ms
17 timing config:load:flatten Completed in 12ms
18 timing npm:load:mkdirpcache Completed in 0ms
19 timing npm:load:mkdirplogs Completed in 0ms
20 verbose title npm install
21 verbose argv "install"
22 timing npm:load:setTitle Completed in 1ms
23 timing npm:load:display Completed in 1ms
24 verbose logfile logs-max:10 dir:/home/container/.npm/_logs/2024-04-02T22_41_36_883Z-
25 verbose logfile /home/container/.npm/_logs/2024-04-02T22_41_36_883Z-debug-0.log
26 timing npm:load:logFile Completed in 51ms
27 timing npm:load:timers Completed in 0ms
28 timing npm:load:configScope Completed in 0ms
29 timing npm:load Completed in 275ms
30 timing arborist:ctor Completed in 1ms
31 silly logfile done cleaning log files
32 timing idealTree:init Completed in 886ms
33 timing idealTree:userRequests Completed in 0ms
34 silly idealTree buildDeps
35 timing idealTree:#root Completed in 5ms
36 timing idealTree:buildDeps Completed in 9ms
37 timing idealTree:fixDepFlags Completed in 0ms
38 timing idealTree Completed in 907ms
39 timing reify:loadTrees Completed in 948ms
40 timing reify:diffTrees Completed in 11ms
41 silly reify moves {}
42 timing reify:retireShallow Completed in 2ms
43 timing reify:createSparse Completed in 108ms
44 timing reify:loadBundles Completed in 0ms
45 silly audit bulk request {
45 silly audit   '@aero/centra': [ '1.0.8' ],
45 silly audit   '@babel/runtime': [ '7.24.1' ],
45 silly audit   '@discordjs/builders': [ '0.16.0' ],
45 silly audit   'discord-api-types': [ '0.36.3', '0.33.5' ],
45 silly audit   '@discordjs/collection': [ '0.1.6', '0.7.0' ],
45 silly audit   '@discordjs/form-data': [ '3.0.1' ],
45 silly audit   '@napi-rs/canvas': [ '0.1.51' ],
45 silly audit   '@napi-rs/canvas-android-arm64': [ '0.1.51' ],
45 silly audit   '@napi-rs/canvas-darwin-arm64': [ '0.1.51' ],
45 silly audit   '@napi-rs/canvas-darwin-x64': [ '0.1.51' ],
45 silly audit   '@napi-rs/canvas-linux-arm-gnueabihf': [ '0.1.51' ],
45 silly audit   '@napi-rs/canvas-linux-arm64-gnu': [ '0.1.51' ],
45 silly audit   '@napi-rs/canvas-linux-arm64-musl': [ '0.1.51' ],
45 silly audit   '@napi-rs/canvas-linux-x64-gnu': [ '0.1.51' ],
45 silly audit   '@napi-rs/canvas-linux-x64-musl': [ '0.1.51' ],
45 silly audit   '@napi-rs/canvas-win32-x64-msvc': [ '0.1.51' ],
45 silly audit   '@sapphire/async-queue': [ '1.5.2' ],
45 silly audit   '@sapphire/shapeshift': [ '3.9.7' ],
45 silly audit   '@types/node': [ '20.12.2' ],
45 silly audit   '@types/node-fetch': [ '2.6.11' ],
45 silly audit   '@types/ws': [ '8.5.10' ],
45 silly audit   'abort-controller': [ '3.0.0' ],
45 silly audit   'agent-base': [ '7.1.1' ],
45 silly audit   akaneko: [ '5.3.0' ],
45 silly audit   'aki-api': [ '6.0.9', '5.2.1' ],
45 silly audit   asap: [ '2.0.6' ],
45 silly audit   asynckit: [ '0.4.0' ],
45 silly audit   axios: [ '1.6.8', '0.21.4' ],
45 silly audit   bluebird: [ '3.7.2' ],
45 silly audit   boolbase: [ '1.0.0' ],
45 silly audit   'call-bind': [ '1.0.7' ],
45 silly audit   'capture-stack-trace': [ '1.0.2' ],
45 silly audit   cheerio: [ '1.0.0-rc.12' ],
45 silly audit   'cheerio-select': [ '2.1.0' ],
45 silly audit   'cli-color': [ '2.0.4' ],
45 silly audit   'combined-stream': [ '1.0.8' ],
45 silly audit   'common-tags': [ '1.8.2' ],
45 silly audit   'complex.js': [ '2.1.1' ],
45 silly audit   'component-emitter': [ '1.3.1' ],
45 silly audit   cookiejar: [ '2.1.4' ],
45 silly audit   'cpu-stat': [ '2.0.1' ],
45 silly audit   'create-error-class': [ '3.0.2' ],
45 silly audit   'cross-env': [ '7.0.3' ],
45 silly audit   'cross-fetch': [ '3.1.8' ],
45 silly audit   'node-fetch': [ '2.7.0', '3.3.2' ],
45 silly audit   'cross-spawn': [ '7.0.3' ],
45 silly audit   'css-select': [ '5.1.0' ],
45 silly audit   'css-what': [ '6.1.0' ],
45 silly audit   csvtojson: [ '2.0.10' ],
45 silly audit   d: [ '1.0.2' ],
45 silly audit   'data-uri-to-buffer': [ '4.0.1' ],
45 silly audit   dateformat: [ '5.0.3' ],
45 silly audit   debug: [ '4.3.4' ],
45 silly audit   ms: [ '2.1.2', '2.1.3' ],
45 silly audit   'decimal.js': [ '10.4.3' ],
45 silly audit   deepmerge: [ '4.3.1' ],
45 silly audit   'define-data-property': [ '1.1.4' ],
45 silly audit   'delayed-stream': [ '1.0.0' ],
45 silly audit   dezalgo: [ '1.0.4' ],
45 silly audit   'discord-buttons': [ '4.0.0' ],
45 silly audit   'discord-giveaways': [ '4.5.1' ],
45 silly audit   'discord-player': [ '4.1.4' ],
45 silly audit   'discord-ytdl-core': [ '5.0.4' ],
45 silly audit   'discord.js': [ '12.5.3', '13.17.1' ],
45 silly audit   'dom-serializer': [ '2.0.0' ],
45 silly audit   entities: [ '4.5.0', '2.2.0' ],
45 silly audit   domelementtype: [ '2.3.0' ],
45 silly audit   domhandler: [ '5.0.3' ],
45 silly audit   domutils: [ '3.1.0' ],
45 silly audit   dotenv: [ '16.4.5' ],
45 silly audit   duplexer3: [ '0.1.5' ],
45 silly audit   'easy-games-js': [ '1.2.1' ],
45 silly audit   'es-define-property': [ '1.0.0' ],
45 silly audit   'es-errors': [ '1.3.0' ],
45 silly audit   'es5-ext': [ '0.10.64' ],
45 silly audit   'es6-iterator': [ '2.0.3' ],
45 silly audit   'es6-symbol': [ '3.1.4' ],
45 silly audit   'es6-weak-map': [ '2.0.3' ],
45 silly audit   'escape-latex': [ '1.2.0' ],
45 silly audit   esniff: [ '2.0.1' ],
45 silly audit   'event-emitter': [ '0.3.5' ],
45 silly audit   'event-target-shim': [ '5.0.1' ],
45 silly audit   eventemitter3: [ '1.2.0' ],
45 silly audit   ext: [ '1.7.0' ],
45 silly audit   'fast-deep-equal': [ '3.1.3' ],
45 silly audit   'fast-safe-stringify': [ '2.1.1' ],
45 silly audit   'fetch-blob': [ '3.2.0' ],
45 silly audit   'follow-redirects': [ '1.15.6' ],
45 silly audit   'form-data': [ '4.0.0' ],
45 silly audit   'formdata-polyfill': [ '4.0.10' ],
45 silly audit   formidable: [ '2.1.2' ],
45 silly audit   'fraction.js': [ '4.3.4' ],
45 silly audit   'function-bind': [ '1.1.2' ],
45 silly audit   'get-intrinsic': [ '1.2.4' ],
45 silly audit   'get-stream': [ '3.0.0' ],
45 silly audit   gopd: [ '1.0.1' ],
45 silly audit   got: [ '6.7.1' ],
45 silly audit   'has-property-descriptors': [ '1.0.2' ],
45 silly audit   'has-proto': [ '1.0.3' ],
45 silly audit   'has-symbols': [ '1.0.3' ],
45 silly audit   hasown: [ '2.0.2' ],
45 silly audit   hexoid: [ '1.0.0' ],
45 silly audit   himalaya: [ '1.1.0' ],
45 silly audit   htmlparser2: [ '8.0.2' ],
45 silly audit   'https-proxy-agent': [ '6.2.1' ],
45 silly audit   imurmurhash: [ '0.1.4' ],
45 silly audit   'is-promise': [ '2.2.2' ],
45 silly audit   'is-redirect': [ '1.0.0' ],
45 silly audit   'is-retry-allowed': [ '1.2.0' ],
45 silly audit   'is-stream': [ '1.1.0' ],
45 silly audit   'is-utf8': [ '0.2.1' ],
45 silly audit   isexe: [ '2.0.0' ],
45 silly audit   'javascript-natural-sort': [ '0.7.1' ],
45 silly audit   lodash: [ '4.17.21' ],
45 silly audit   'lowercase-keys': [ '1.0.1' ],
45 silly audit   'lru-cache': [ '6.0.0' ],
45 silly audit   'lru-queue': [ '0.1.0' ],
45 silly audit   m3u8stream: [ '0.8.6' ],
45 silly audit   mathjs: [ '12.4.1' ],
45 silly audit   memoizee: [ '0.4.15' ],
45 silly audit   methods: [ '1.1.2' ],
45 silly audit   mime: [ '2.6.0' ],
45 silly audit   'mime-db': [ '1.52.0' ],
45 silly audit   'mime-types': [ '2.1.35' ],
45 silly audit   miniget: [ '4.2.3' ],
45 silly audit   moment: [ '2.30.1' ],
45 silly audit   'nekos.life': [ '3.0.0' ],
45 silly audit   'next-tick': [ '1.1.0' ],
45 silly audit   node_extra_ca_certs_mozilla_bundle: [ '1.0.6' ],
45 silly audit   'node-domexception': [ '1.0.0' ],
45 silly audit   novelcovid: [ '3.0.2' ],
45 silly audit   'nth-check': [ '2.1.1' ],
45 silly audit   'object-inspect': [ '1.13.1' ],
45 silly audit   once: [ '1.4.0' ],
45 silly audit   parse5: [ '7.1.2' ],
45 silly audit   'parse5-htmlparser2-tree-adapter': [ '7.0.0' ],
45 silly audit   'path-key': [ '3.1.1' ],
45 silly audit   'prepend-http': [ '1.0.4' ],
45 silly audit   'prism-media': [ '1.3.5' ],
45 silly audit   'proxy-from-env': [ '1.1.0' ],
45 silly audit   qs: [ '6.12.0' ],
45 silly audit   'quick.db': [ '9.1.7' ],
45 silly audit   'random-puppy': [ '1.1.0' ],
45 silly audit   randombytes: [ '2.1.0' ],
45 silly audit   'regenerator-runtime': [ '0.14.1' ],
45 silly audit   'rss-parser': [ '3.13.0' ],
45 silly audit   'safe-buffer': [ '5.2.1' ],
45 silly audit   sax: [ '1.3.0' ],
45 silly audit   seedrandom: [ '3.0.5' ],
45 silly audit   semver: [ '7.6.0' ],
45 silly audit   'serialize-javascript': [ '5.0.1' ],
45 silly audit   'set-function-length': [ '1.2.2' ],
45 silly audit   setimmediate: [ '1.0.5' ],
45 silly audit   'shebang-command': [ '2.0.0' ],
45 silly audit   'shebang-regex': [ '3.0.0' ],
45 silly audit   'side-channel': [ '1.0.6' ],
45 silly audit   'signal-exit': [ '4.1.0' ],
45 silly audit   snakecord: [ '1.0.9' ],
45 silly audit   ws: [ '8.16.0', '7.5.9' ],
45 silly audit   'soundcloud-scraper': [ '5.0.3' ],
45 silly audit   'spotify-uri': [ '2.2.2' ],
45 silly audit   'spotify-url-info': [ '2.2.9' ],
45 silly audit   'strip-bom': [ '2.0.0' ],
45 silly audit   superagent: [ '8.1.2' ],
45 silly audit   'timed-out': [ '4.0.1' ],
45 silly audit   'timers-ext': [ '0.1.7' ],
45 silly audit   'tiny-emitter': [ '2.1.0' ],
45 silly audit   tr46: [ '0.0.3' ],
45 silly audit   'ts-mixer': [ '6.0.4' ],
45 silly audit   tslib: [ '2.6.2' ],
45 silly audit   tweetnacl: [ '1.0.3' ],
45 silly audit   type: [ '2.7.2' ],
45 silly audit   'typed-function': [ '4.1.1' ],
45 silly audit   'undici-types': [ '5.26.5' ],
45 silly audit   'unique-random': [ '1.0.0' ],
45 silly audit   'unique-random-array': [ '1.0.1' ],
45 silly audit   'unzip-response': [ '2.0.1' ],
45 silly audit   'url-parse-lax': [ '1.0.0' ],
45 silly audit   'web-streams-polyfill': [ '3.3.3' ],
45 silly audit   'webidl-conversions': [ '3.0.1' ],
45 silly audit   'whatwg-url': [ '5.0.0' ],
45 silly audit   which: [ '2.0.2' ],
45 silly audit   wrappy: [ '1.0.2' ],
45 silly audit   'write-file-atomic': [ '5.0.1' ],
45 silly audit   xml2js: [ '0.5.0' ],
45 silly audit   xmlbuilder: [ '11.0.1' ],
45 silly audit   yallist: [ '4.0.0' ],
45 silly audit   'youtube-sr': [ '4.3.10' ],
45 silly audit   'ytdl-core': [ '4.11.5' ]
45 silly audit }
46 verbose reify failed optional dependency /home/container/node_modules/@napi-rs/canvas-win32-x64-msvc
47 silly reify mark deleted [ '/home/container/node_modules/@napi-rs/canvas-win32-x64-msvc' ]
48 verbose reify failed optional dependency /home/container/node_modules/@napi-rs/canvas-linux-arm64-musl
49 silly reify mark deleted [ '/home/container/node_modules/@napi-rs/canvas-linux-arm64-musl' ]
50 verbose reify failed optional dependency /home/container/node_modules/@napi-rs/canvas-linux-arm64-gnu
51 silly reify mark deleted [ '/home/container/node_modules/@napi-rs/canvas-linux-arm64-gnu' ]
52 verbose reify failed optional dependency /home/container/node_modules/@napi-rs/canvas-linux-arm-gnueabihf
53 silly reify mark deleted [ '/home/container/node_modules/@napi-rs/canvas-linux-arm-gnueabihf' ]
54 verbose reify failed optional dependency /home/container/node_modules/@napi-rs/canvas-darwin-x64
55 silly reify mark deleted [ '/home/container/node_modules/@napi-rs/canvas-darwin-x64' ]
56 verbose reify failed optional dependency /home/container/node_modules/@napi-rs/canvas-darwin-arm64
57 silly reify mark deleted [ '/home/container/node_modules/@napi-rs/canvas-darwin-arm64' ]
58 verbose reify failed optional dependency /home/container/node_modules/@napi-rs/canvas-android-arm64
59 silly reify mark deleted [ '/home/container/node_modules/@napi-rs/canvas-android-arm64' ]
60 timing reifyNode:node_modules/@napi-rs/canvas-win32-x64-msvc Completed in 220ms
61 timing reifyNode:node_modules/@napi-rs/canvas-linux-arm64-musl Completed in 220ms
62 timing reifyNode:node_modules/@napi-rs/canvas-linux-arm64-gnu Completed in 220ms
63 timing reifyNode:node_modules/@napi-rs/canvas-linux-arm-gnueabihf Completed in 220ms
64 timing reifyNode:node_modules/@napi-rs/canvas-darwin-x64 Completed in 220ms
65 timing reifyNode:node_modules/@napi-rs/canvas-darwin-arm64 Completed in 220ms
66 timing reifyNode:node_modules/@napi-rs/canvas-android-arm64 Completed in 220ms
67 silly tarball no local data for ytdl-core@https://registry.npmjs.org/ytdl-core/-/ytdl-core-4.11.5.tgz. Extracting by manifest.
68 silly tarball no local data for youtube-sr@https://registry.npmjs.org/youtube-sr/-/youtube-sr-4.3.10.tgz. Extracting by manifest.
69 silly tarball no local data for yallist@https://registry.npmjs.org/yallist/-/yallist-4.0.0.tgz. Extracting by manifest.
70 silly tarball no local data for xmlbuilder@https://registry.npmjs.org/xmlbuilder/-/xmlbuilder-11.0.1.tgz. Extracting by manifest.
71 silly tarball no local data for xml2js@https://registry.npmjs.org/xml2js/-/xml2js-0.5.0.tgz. Extracting by manifest.
72 silly tarball no local data for ws@https://registry.npmjs.org/ws/-/ws-7.5.9.tgz. Extracting by manifest.
73 silly tarball no local data for write-file-atomic@https://registry.npmjs.org/write-file-atomic/-/write-file-atomic-5.0.1.tgz. Extracting by manifest.
74 silly tarball no local data for wrappy@https://registry.npmjs.org/wrappy/-/wrappy-1.0.2.tgz. Extracting by manifest.
75 silly tarball no local data for which@https://registry.npmjs.org/which/-/which-2.0.2.tgz. Extracting by manifest.
76 silly tarball no local data for whatwg-url@https://registry.npmjs.org/whatwg-url/-/whatwg-url-5.0.0.tgz. Extracting by manifest.
77 silly tarball no local data for webidl-conversions@https://registry.npmjs.org/webidl-conversions/-/webidl-conversions-3.0.1.tgz. Extracting by manifest.
78 silly tarball no local data for web-streams-polyfill@https://registry.npmjs.org/web-streams-polyfill/-/web-streams-polyfill-3.3.3.tgz. Extracting by manifest.
79 silly tarball no local data for url-parse-lax@https://registry.npmjs.org/url-parse-lax/-/url-parse-lax-1.0.0.tgz. Extracting by manifest.
80 silly tarball no local data for unzip-response@https://registry.npmjs.org/unzip-response/-/unzip-response-2.0.1.tgz. Extracting by manifest.
81 silly tarball no local data for unique-random-array@https://registry.npmjs.org/unique-random-array/-/unique-random-array-1.0.1.tgz. Extracting by manifest.
82 silly tarball no local data for unique-random@https://registry.npmjs.org/unique-random/-/unique-random-1.0.0.tgz. Extracting by manifest.
83 silly tarball no local data for undici-types@https://registry.npmjs.org/undici-types/-/undici-types-5.26.5.tgz. Extracting by manifest.
84 silly tarball no local data for typed-function@https://registry.npmjs.org/typed-function/-/typed-function-4.1.1.tgz. Extracting by manifest.
85 silly tarball no local data for type@https://registry.npmjs.org/type/-/type-2.7.2.tgz. Extracting by manifest.
86 silly tarball no local data for tweetnacl@https://registry.npmjs.org/tweetnacl/-/tweetnacl-1.0.3.tgz. Extracting by manifest.
87 silly tarball no local data for tslib@https://registry.npmjs.org/tslib/-/tslib-2.6.2.tgz. Extracting by manifest.
88 silly tarball no local data for ts-mixer@https://registry.npmjs.org/ts-mixer/-/ts-mixer-6.0.4.tgz. Extracting by manifest.
89 silly tarball no local data for tr46@https://registry.npmjs.org/tr46/-/tr46-0.0.3.tgz. Extracting by manifest.
90 silly tarball no local data for tiny-emitter@https://registry.npmjs.org/tiny-emitter/-/tiny-emitter-2.1.0.tgz. Extracting by manifest.
91 silly tarball no local data for timed-out@https://registry.npmjs.org/timed-out/-/timed-out-4.0.1.tgz. Extracting by manifest.
92 silly tarball no local data for superagent@https://registry.npmjs.org/superagent/-/superagent-8.1.2.tgz. Extracting by manifest.
93 silly tarball no local data for strip-bom@https://registry.npmjs.org/strip-bom/-/strip-bom-2.0.0.tgz. Extracting by manifest.
94 silly tarball no local data for timers-ext@https://registry.npmjs.org/timers-ext/-/timers-ext-0.1.7.tgz. Extracting by manifest.
95 silly tarball no local data for spotify-url-info@https://registry.npmjs.org/spotify-url-info/-/spotify-url-info-2.2.9.tgz. Extracting by manifest.
96 silly tarball no local data for spotify-uri@https://registry.npmjs.org/spotify-uri/-/spotify-uri-2.2.2.tgz. Extracting by manifest.
97 silly tarball no local data for soundcloud-scraper@https://registry.npmjs.org/soundcloud-scraper/-/soundcloud-scraper-5.0.3.tgz. Extracting by manifest.
98 silly tarball no local data for snakecord@https://registry.npmjs.org/snakecord/-/snakecord-1.0.9.tgz. Extracting by manifest.
99 silly tarball no local data for signal-exit@https://registry.npmjs.org/signal-exit/-/signal-exit-4.1.0.tgz. Extracting by manifest.
100 silly tarball no local data for side-channel@https://registry.npmjs.org/side-channel/-/side-channel-1.0.6.tgz. Extracting by manifest.
101 silly tarball no local data for shebang-regex@https://registry.npmjs.org/shebang-regex/-/shebang-regex-3.0.0.tgz. Extracting by manifest.
102 silly tarball no local data for shebang-command@https://registry.npmjs.org/shebang-command/-/shebang-command-2.0.0.tgz. Extracting by manifest.
103 silly tarball no local data for setimmediate@https://registry.npmjs.org/setimmediate/-/setimmediate-1.0.5.tgz. Extracting by manifest.
104 silly tarball no local data for set-function-length@https://registry.npmjs.org/set-function-length/-/set-function-length-1.2.2.tgz. Extracting by manifest.
105 silly tarball no local data for serialize-javascript@https://registry.npmjs.org/serialize-javascript/-/serialize-javascript-5.0.1.tgz. Extracting by manifest.
106 silly tarball no local data for semver@https://registry.npmjs.org/semver/-/semver-7.6.0.tgz. Extracting by manifest.
107 silly tarball no local data for seedrandom@https://registry.npmjs.org/seedrandom/-/seedrandom-3.0.5.tgz. Extracting by manifest.
108 silly tarball no local data for sax@https://registry.npmjs.org/sax/-/sax-1.3.0.tgz. Extracting by manifest.
109 silly tarball no local data for safe-buffer@https://registry.npmjs.org/safe-buffer/-/safe-buffer-5.2.1.tgz. Extracting by manifest.
110 silly tarball no local data for rss-parser@https://registry.npmjs.org/rss-parser/-/rss-parser-3.13.0.tgz. Extracting by manifest.
111 silly tarball no local data for regenerator-runtime@https://registry.npmjs.org/regenerator-runtime/-/regenerator-runtime-0.14.1.tgz. Extracting by manifest.
112 silly tarball no local data for randombytes@https://registry.npmjs.org/randombytes/-/randombytes-2.1.0.tgz. Extracting by manifest.
113 silly tarball no local data for random-puppy@https://registry.npmjs.org/random-puppy/-/random-puppy-1.1.0.tgz. Extracting by manifest.
114 silly tarball no local data for quick.db@https://registry.npmjs.org/quick.db/-/quick.db-9.1.7.tgz. Extracting by manifest.
115 silly tarball no local data for qs@https://registry.npmjs.org/qs/-/qs-6.12.0.tgz. Extracting by manifest.
116 silly tarball no local data for proxy-from-env@https://registry.npmjs.org/proxy-from-env/-/proxy-from-env-1.1.0.tgz. Extracting by manifest.
117 silly tarball no local data for prism-media@https://registry.npmjs.org/prism-media/-/prism-media-1.3.5.tgz. Extracting by manifest.
118 silly tarball no local data for prepend-http@https://registry.npmjs.org/prepend-http/-/prepend-http-1.0.4.tgz. Extracting by manifest.
119 silly tarball no local data for path-key@https://registry.npmjs.org/path-key/-/path-key-3.1.1.tgz. Extracting by manifest.
120 silly tarball no local data for parse5-htmlparser2-tree-adapter@https://registry.npmjs.org/parse5-htmlparser2-tree-adapter/-/parse5-htmlparser2-tree-adapter-7.0.0.tgz. Extracting by manifest.
121 silly tarball no local data for parse5@https://registry.npmjs.org/parse5/-/parse5-7.1.2.tgz. Extracting by manifest.
122 silly tarball no local data for once@https://registry.npmjs.org/once/-/once-1.4.0.tgz. Extracting by manifest.
123 silly tarball no local data for nth-check@https://registry.npmjs.org/nth-check/-/nth-check-2.1.1.tgz. Extracting by manifest.
124 silly tarball no local data for object-inspect@https://registry.npmjs.org/object-inspect/-/object-inspect-1.13.1.tgz. Extracting by manifest.
125 silly tarball no local data for novelcovid@https://registry.npmjs.org/novelcovid/-/novelcovid-3.0.2.tgz. Extracting by manifest.
126 silly tarball no local data for node-fetch@https://registry.npmjs.org/node-fetch/-/node-fetch-3.3.2.tgz. Extracting by manifest.
127 silly tarball no local data for node-domexception@https://registry.npmjs.org/node-domexception/-/node-domexception-1.0.0.tgz. Extracting by manifest.
128 silly tarball no local data for node_extra_ca_certs_mozilla_bundle@https://registry.npmjs.org/node_extra_ca_certs_mozilla_bundle/-/node_extra_ca_certs_mozilla_bundle-1.0.6.tgz. Extracting by manifest.
129 silly tarball no local data for next-tick@https://registry.npmjs.org/next-tick/-/next-tick-1.1.0.tgz. Extracting by manifest.
130 silly tarball no local data for nekos.life@https://registry.npmjs.org/nekos.life/-/nekos.life-3.0.0.tgz. Extracting by manifest.
131 silly tarball no local data for ms@https://registry.npmjs.org/ms/-/ms-2.1.3.tgz. Extracting by manifest.
132 silly tarball no local data for moment@https://registry.npmjs.org/moment/-/moment-2.30.1.tgz. Extracting by manifest.
133 silly tarball no local data for miniget@https://registry.npmjs.org/miniget/-/miniget-4.2.3.tgz. Extracting by manifest.
134 silly tarball no local data for mime-types@https://registry.npmjs.org/mime-types/-/mime-types-2.1.35.tgz. Extracting by manifest.
135 silly tarball no local data for mime-db@https://registry.npmjs.org/mime-db/-/mime-db-1.52.0.tgz. Extracting by manifest.
136 silly tarball no local data for mime@https://registry.npmjs.org/mime/-/mime-2.6.0.tgz. Extracting by manifest.
137 silly tarball no local data for methods@https://registry.npmjs.org/methods/-/methods-1.1.2.tgz. Extracting by manifest.
138 silly tarball no local data for memoizee@https://registry.npmjs.org/memoizee/-/memoizee-0.4.15.tgz. Extracting by manifest.
139 silly tarball no local data for mathjs@https://registry.npmjs.org/mathjs/-/mathjs-12.4.1.tgz. Extracting by manifest.
140 silly tarball no local data for m3u8stream@https://registry.npmjs.org/m3u8stream/-/m3u8stream-0.8.6.tgz. Extracting by manifest.
141 silly tarball no local data for lru-queue@https://registry.npmjs.org/lru-queue/-/lru-queue-0.1.0.tgz. Extracting by manifest.
142 silly tarball no local data for lru-cache@https://registry.npmjs.org/lru-cache/-/lru-cache-6.0.0.tgz. Extracting by manifest.
143 silly tarball no local data for lowercase-keys@https://registry.npmjs.org/lowercase-keys/-/lowercase-keys-1.0.1.tgz. Extracting by manifest.
144 silly tarball no local data for lodash@https://registry.npmjs.org/lodash/-/lodash-4.17.21.tgz. Extracting by manifest.
145 silly tarball no local data for javascript-natural-sort@https://registry.npmjs.org/javascript-natural-sort/-/javascript-natural-sort-0.7.1.tgz. Extracting by manifest.
146 silly tarball no local data for isexe@https://registry.npmjs.org/isexe/-/isexe-2.0.0.tgz. Extracting by manifest.
147 silly tarball no local data for is-utf8@https://registry.npmjs.org/is-utf8/-/is-utf8-0.2.1.tgz. Extracting by manifest.
148 silly tarball no local data for is-stream@https://registry.npmjs.org/is-stream/-/is-stream-1.1.0.tgz. Extracting by manifest.
149 silly tarball no local data for is-retry-allowed@https://registry.npmjs.org/is-retry-allowed/-/is-retry-allowed-1.2.0.tgz. Extracting by manifest.
150 silly tarball no local data for is-redirect@https://registry.npmjs.org/is-redirect/-/is-redirect-1.0.0.tgz. Extracting by manifest.
151 silly tarball no local data for is-promise@https://registry.npmjs.org/is-promise/-/is-promise-2.2.2.tgz. Extracting by manifest.
152 silly tarball no local data for imurmurhash@https://registry.npmjs.org/imurmurhash/-/imurmurhash-0.1.4.tgz. Extracting by manifest.
153 silly tarball no local data for https-proxy-agent@https://registry.npmjs.org/https-proxy-agent/-/https-proxy-agent-6.2.1.tgz. Extracting by manifest.
154 silly tarball no local data for htmlparser2@https://registry.npmjs.org/htmlparser2/-/htmlparser2-8.0.2.tgz. Extracting by manifest.
155 silly tarball no local data for himalaya@https://registry.npmjs.org/himalaya/-/himalaya-1.1.0.tgz. Extracting by manifest.
156 silly tarball no local data for hexoid@https://registry.npmjs.org/hexoid/-/hexoid-1.0.0.tgz. Extracting by manifest.
157 silly tarball no local data for hasown@https://registry.npmjs.org/hasown/-/hasown-2.0.2.tgz. Extracting by manifest.
158 silly tarball no local data for has-symbols@https://registry.npmjs.org/has-symbols/-/has-symbols-1.0.3.tgz. Extracting by manifest.
159 silly tarball no local data for has-proto@https://registry.npmjs.org/has-proto/-/has-proto-1.0.3.tgz. Extracting by manifest.
160 silly tarball no local data for has-property-descriptors@https://registry.npmjs.org/has-property-descriptors/-/has-property-descriptors-1.0.2.tgz. Extracting by manifest.
161 silly tarball no local data for got@https://registry.npmjs.org/got/-/got-6.7.1.tgz. Extracting by manifest.
162 silly tarball no local data for gopd@https://registry.npmjs.org/gopd/-/gopd-1.0.1.tgz. Extracting by manifest.
163 silly tarball no local data for get-stream@https://registry.npmjs.org/get-stream/-/get-stream-3.0.0.tgz. Extracting by manifest.
164 silly tarball no local data for get-intrinsic@https://registry.npmjs.org/get-intrinsic/-/get-intrinsic-1.2.4.tgz. Extracting by manifest.
165 silly tarball no local data for function-bind@https://registry.npmjs.org/function-bind/-/function-bind-1.1.2.tgz. Extracting by manifest.
166 silly tarball no local data for fraction.js@https://registry.npmjs.org/fraction.js/-/fraction.js-4.3.4.tgz. Extracting by manifest.
167 silly tarball no local data for formidable@https://registry.npmjs.org/formidable/-/formidable-2.1.2.tgz. Extracting by manifest.
168 silly tarball no local data for formdata-polyfill@https://registry.npmjs.org/formdata-polyfill/-/formdata-polyfill-4.0.10.tgz. Extracting by manifest.
169 silly tarball no local data for form-data@https://registry.npmjs.org/form-data/-/form-data-4.0.0.tgz. Extracting by manifest.
170 silly tarball no local data for follow-redirects@https://registry.npmjs.org/follow-redirects/-/follow-redirects-1.15.6.tgz. Extracting by manifest.
171 silly tarball no local data for fetch-blob@https://registry.npmjs.org/fetch-blob/-/fetch-blob-3.2.0.tgz. Extracting by manifest.
172 silly tarball no local data for fast-safe-stringify@https://registry.npmjs.org/fast-safe-stringify/-/fast-safe-stringify-2.1.1.tgz. Extracting by manifest.
173 silly tarball no local data for fast-deep-equal@https://registry.npmjs.org/fast-deep-equal/-/fast-deep-equal-3.1.3.tgz. Extracting by manifest.
174 silly tarball no local data for ext@https://registry.npmjs.org/ext/-/ext-1.7.0.tgz. Extracting by manifest.
175 silly tarball no local data for eventemitter3@https://registry.npmjs.org/eventemitter3/-/eventemitter3-1.2.0.tgz. Extracting by manifest.
176 silly tarball no local data for event-target-shim@https://registry.npmjs.org/event-target-shim/-/event-target-shim-5.0.1.tgz. Extracting by manifest.
177 silly tarball no local data for event-emitter@https://registry.npmjs.org/event-emitter/-/event-emitter-0.3.5.tgz. Extracting by manifest.
178 silly tarball no local data for esniff@https://registry.npmjs.org/esniff/-/esniff-2.0.1.tgz. Extracting by manifest.
179 silly tarball no local data for escape-latex@https://registry.npmjs.org/escape-latex/-/escape-latex-1.2.0.tgz. Extracting by manifest.
180 silly tarball no local data for es6-weak-map@https://registry.npmjs.org/es6-weak-map/-/es6-weak-map-2.0.3.tgz. Extracting by manifest.
181 silly tarball no local data for es6-symbol@https://registry.npmjs.org/es6-symbol/-/es6-symbol-3.1.4.tgz. Extracting by manifest.
182 silly tarball no local data for es6-iterator@https://registry.npmjs.org/es6-iterator/-/es6-iterator-2.0.3.tgz. Extracting by manifest.
183 silly tarball no local data for es5-ext@https://registry.npmjs.org/es5-ext/-/es5-ext-0.10.64.tgz. Extracting by manifest.
184 silly tarball no local data for es-errors@https://registry.npmjs.org/es-errors/-/es-errors-1.3.0.tgz. Extracting by manifest.
185 silly tarball no local data for es-define-property@https://registry.npmjs.org/es-define-property/-/es-define-property-1.0.0.tgz. Extracting by manifest.
186 silly tarball no local data for entities@https://registry.npmjs.org/entities/-/entities-2.2.0.tgz. Extracting by manifest.
187 silly tarball no local data for easy-games-js@https://registry.npmjs.org/easy-games-js/-/easy-games-js-1.2.1.tgz. Extracting by manifest.
188 silly tarball no local data for duplexer3@https://registry.npmjs.org/duplexer3/-/duplexer3-0.1.5.tgz. Extracting by manifest.
189 silly tarball no local data for dotenv@https://registry.npmjs.org/dotenv/-/dotenv-16.4.5.tgz. Extracting by manifest.
190 silly tarball no local data for domutils@https://registry.npmjs.org/domutils/-/domutils-3.1.0.tgz. Extracting by manifest.
191 silly tarball no local data for domhandler@https://registry.npmjs.org/domhandler/-/domhandler-5.0.3.tgz. Extracting by manifest.
192 silly tarball no local data for domelementtype@https://registry.npmjs.org/domelementtype/-/domelementtype-2.3.0.tgz. Extracting by manifest.
193 silly tarball no local data for dom-serializer@https://registry.npmjs.org/dom-serializer/-/dom-serializer-2.0.0.tgz. Extracting by manifest.
194 silly tarball no local data for discord.js@https://registry.npmjs.org/discord.js/-/discord.js-12.5.3.tgz. Extracting by manifest.
195 silly tarball no local data for discord-ytdl-core@https://registry.npmjs.org/discord-ytdl-core/-/discord-ytdl-core-5.0.4.tgz. Extracting by manifest.
196 silly tarball no local data for discord-player@https://registry.npmjs.org/discord-player/-/discord-player-4.1.4.tgz. Extracting by manifest.
197 silly tarball no local data for discord-giveaways@https://registry.npmjs.org/discord-giveaways/-/discord-giveaways-4.5.1.tgz. Extracting by manifest.
198 silly tarball no local data for discord-buttons@https://registry.npmjs.org/discord-buttons/-/discord-buttons-4.0.0.tgz. Extracting by manifest.
199 silly tarball no local data for discord-api-types@https://registry.npmjs.org/discord-api-types/-/discord-api-types-0.33.5.tgz. Extracting by manifest.
200 silly tarball no local data for dezalgo@https://registry.npmjs.org/dezalgo/-/dezalgo-1.0.4.tgz. Extracting by manifest.
201 silly tarball no local data for delayed-stream@https://registry.npmjs.org/delayed-stream/-/delayed-stream-1.0.0.tgz. Extracting by manifest.
202 silly tarball no local data for define-data-property@https://registry.npmjs.org/define-data-property/-/define-data-property-1.1.4.tgz. Extracting by manifest.
203 silly tarball no local data for deepmerge@https://registry.npmjs.org/deepmerge/-/deepmerge-4.3.1.tgz. Extracting by manifest.
204 silly tarball no local data for decimal.js@https://registry.npmjs.org/decimal.js/-/decimal.js-10.4.3.tgz. Extracting by manifest.
205 silly tarball no local data for debug@https://registry.npmjs.org/debug/-/debug-4.3.4.tgz. Extracting by manifest.
206 silly tarball no local data for dateformat@https://registry.npmjs.org/dateformat/-/dateformat-5.0.3.tgz. Extracting by manifest.
207 silly tarball no local data for data-uri-to-buffer@https://registry.npmjs.org/data-uri-to-buffer/-/data-uri-to-buffer-4.0.1.tgz. Extracting by manifest.
208 silly tarball no local data for d@https://registry.npmjs.org/d/-/d-1.0.2.tgz. Extracting by manifest.
209 silly tarball no local data for csvtojson@https://registry.npmjs.org/csvtojson/-/csvtojson-2.0.10.tgz. Extracting by manifest.
210 silly tarball no local data for css-what@https://registry.npmjs.org/css-what/-/css-what-6.1.0.tgz. Extracting by manifest.
211 silly tarball no local data for css-select@https://registry.npmjs.org/css-select/-/css-select-5.1.0.tgz. Extracting by manifest.
212 silly tarball no local data for cross-spawn@https://registry.npmjs.org/cross-spawn/-/cross-spawn-7.0.3.tgz. Extracting by manifest.
213 silly tarball no local data for cross-fetch@https://registry.npmjs.org/cross-fetch/-/cross-fetch-3.1.8.tgz. Extracting by manifest.
214 silly tarball no local data for cross-env@https://registry.npmjs.org/cross-env/-/cross-env-7.0.3.tgz. Extracting by manifest.
215 silly tarball no local data for create-error-class@https://registry.npmjs.org/create-error-class/-/create-error-class-3.0.2.tgz. Extracting by manifest.
216 silly tarball no local data for cpu-stat@https://registry.npmjs.org/cpu-stat/-/cpu-stat-2.0.1.tgz. Extracting by manifest.
217 silly tarball no local data for cookiejar@https://registry.npmjs.org/cookiejar/-/cookiejar-2.1.4.tgz. Extracting by manifest.
218 silly tarball no local data for component-emitter@https://registry.npmjs.org/component-emitter/-/component-emitter-1.3.1.tgz. Extracting by manifest.
219 silly tarball no local data for complex.js@https://registry.npmjs.org/complex.js/-/complex.js-2.1.1.tgz. Extracting by manifest.
220 silly tarball no local data for common-tags@https://registry.npmjs.org/common-tags/-/common-tags-1.8.2.tgz. Extracting by manifest.
221 silly tarball no local data for combined-stream@https://registry.npmjs.org/combined-stream/-/combined-stream-1.0.8.tgz. Extracting by manifest.
222 silly tarball no local data for cli-color@https://registry.npmjs.org/cli-color/-/cli-color-2.0.4.tgz. Extracting by manifest.
223 silly tarball no local data for cheerio-select@https://registry.npmjs.org/cheerio-select/-/cheerio-select-2.1.0.tgz. Extracting by manifest.
224 silly tarball no local data for cheerio@https://registry.npmjs.org/cheerio/-/cheerio-1.0.0-rc.12.tgz. Extracting by manifest.
225 silly tarball no local data for capture-stack-trace@https://registry.npmjs.org/capture-stack-trace/-/capture-stack-trace-1.0.2.tgz. Extracting by manifest.
226 silly tarball no local data for call-bind@https://registry.npmjs.org/call-bind/-/call-bind-1.0.7.tgz. Extracting by manifest.
227 silly tarball no local data for boolbase@https://registry.npmjs.org/boolbase/-/boolbase-1.0.0.tgz. Extracting by manifest.
228 silly tarball no local data for bluebird@https://registry.npmjs.org/bluebird/-/bluebird-3.7.2.tgz. Extracting by manifest.
229 silly tarball no local data for axios@https://registry.npmjs.org/axios/-/axios-1.6.8.tgz. Extracting by manifest.
230 silly tarball no local data for asap@https://registry.npmjs.org/asap/-/asap-2.0.6.tgz. Extracting by manifest.
231 silly tarball no local data for asynckit@https://registry.npmjs.org/asynckit/-/asynckit-0.4.0.tgz. Extracting by manifest.
232 silly tarball no local data for aki-api@https://registry.npmjs.org/aki-api/-/aki-api-6.0.9.tgz. Extracting by manifest.
233 silly tarball no local data for akaneko@https://registry.npmjs.org/akaneko/-/akaneko-5.3.0.tgz. Extracting by manifest.
234 silly tarball no local data for agent-base@https://registry.npmjs.org/agent-base/-/agent-base-7.1.1.tgz. Extracting by manifest.
235 silly tarball no local data for abort-controller@https://registry.npmjs.org/abort-controller/-/abort-controller-3.0.0.tgz. Extracting by manifest.
236 silly tarball no local data for @types/ws@https://registry.npmjs.org/@types/ws/-/ws-8.5.10.tgz. Extracting by manifest.
237 silly tarball no local data for @types/node-fetch@https://registry.npmjs.org/@types/node-fetch/-/node-fetch-2.6.11.tgz. Extracting by manifest.
238 silly tarball no local data for @sapphire/shapeshift@https://registry.npmjs.org/@sapphire/shapeshift/-/shapeshift-3.9.7.tgz. Extracting by manifest.
239 silly tarball no local data for @types/node@https://registry.npmjs.org/@types/node/-/node-20.12.2.tgz. Extracting by manifest.
240 silly tarball no local data for @sapphire/async-queue@https://registry.npmjs.org/@sapphire/async-queue/-/async-queue-1.5.2.tgz. Extracting by manifest.
241 silly tarball no local data for @napi-rs/canvas-linux-x64-musl@https://registry.npmjs.org/@napi-rs/canvas-linux-x64-musl/-/canvas-linux-x64-musl-0.1.51.tgz. Extracting by manifest.
242 silly tarball no local data for @napi-rs/canvas-linux-x64-gnu@https://registry.npmjs.org/@napi-rs/canvas-linux-x64-gnu/-/canvas-linux-x64-gnu-0.1.51.tgz. Extracting by manifest.
243 silly tarball no local data for @napi-rs/canvas@https://registry.npmjs.org/@napi-rs/canvas/-/canvas-0.1.51.tgz. Extracting by manifest.
244 silly tarball no local data for @discordjs/collection@https://registry.npmjs.org/@discordjs/collection/-/collection-0.1.6.tgz. Extracting by manifest.
245 silly tarball no local data for @discordjs/form-data@https://registry.npmjs.org/@discordjs/form-data/-/form-data-3.0.1.tgz. Extracting by manifest.
246 silly tarball no local data for @discordjs/builders@https://registry.npmjs.org/@discordjs/builders/-/builders-0.16.0.tgz. Extracting by manifest.
247 silly tarball no local data for @babel/runtime@https://registry.npmjs.org/@babel/runtime/-/runtime-7.24.1.tgz. Extracting by manifest.
248 silly tarball no local data for @aero/centra@https://registry.npmjs.org/@aero/centra/-/centra-1.0.8.tgz. Extracting by manifest.
249 silly tarball no local data for node-fetch@https://registry.npmjs.org/node-fetch/-/node-fetch-2.7.0.tgz. Extracting by manifest.
250 silly tarball no local data for ws@https://registry.npmjs.org/ws/-/ws-8.16.0.tgz. Extracting by manifest.
251 silly tarball no local data for node-fetch@https://registry.npmjs.org/node-fetch/-/node-fetch-2.7.0.tgz. Extracting by manifest.
252 silly tarball no local data for discord.js@https://registry.npmjs.org/discord.js/-/discord.js-13.17.1.tgz. Extracting by manifest.
253 silly tarball no local data for @discordjs/collection@https://registry.npmjs.org/@discordjs/collection/-/collection-0.7.0.tgz. Extracting by manifest.
254 silly tarball no local data for entities@https://registry.npmjs.org/entities/-/entities-4.5.0.tgz. Extracting by manifest.
255 silly tarball no local data for axios@https://registry.npmjs.org/axios/-/axios-0.21.4.tgz. Extracting by manifest.
256 silly tarball no local data for entities@https://registry.npmjs.org/entities/-/entities-4.5.0.tgz. Extracting by manifest.
257 silly tarball no local data for aki-api@https://registry.npmjs.org/aki-api/-/aki-api-5.2.1.tgz. Extracting by manifest.
258 silly tarball no local data for entities@https://registry.npmjs.org/entities/-/entities-4.5.0.tgz. Extracting by manifest.
259 silly tarball no local data for node-fetch@https://registry.npmjs.org/node-fetch/-/node-fetch-2.7.0.tgz. Extracting by manifest.
260 silly tarball no local data for ms@https://registry.npmjs.org/ms/-/ms-2.1.2.tgz. Extracting by manifest.
261 silly tarball no local data for node-fetch@https://registry.npmjs.org/node-fetch/-/node-fetch-2.7.0.tgz. Extracting by manifest.
262 silly tarball no local data for discord-api-types@https://registry.npmjs.org/discord-api-types/-/discord-api-types-0.36.3.tgz. Extracting by manifest.
263 http fetch POST 200 https://registry.npmjs.org/-/npm/v1/security/advisories/bulk 3524ms
264 timing auditReport:getReport Completed in 3611ms
265 silly audit report {
265 silly audit report   axios: [
265 silly audit report     {
265 silly audit report       id: 1096525,
265 silly audit report       url: 'https://github.com/advisories/GHSA-wf5p-g6vw-rhxx',
265 silly audit report       title: 'Axios Cross-Site Request Forgery Vulnerability',
265 silly audit report       severity: 'moderate',
265 silly audit report       vulnerable_versions: '>=0.8.1 <0.28.0',
265 silly audit report       cwe: [Array],
265 silly audit report       cvss: [Object]
265 silly audit report     }
265 silly audit report   ],
265 silly audit report   got: [
265 silly audit report     {
265 silly audit report       id: 1088948,
265 silly audit report       url: 'https://github.com/advisories/GHSA-pfrx-2q88-qq97',
265 silly audit report       title: 'Got allows a redirect to a UNIX socket',
265 silly audit report       severity: 'moderate',
265 silly audit report       vulnerable_versions: '<11.8.5',
265 silly audit report       cwe: [],
265 silly audit report       cvss: [Object]
265 silly audit report     }
265 silly audit report   ]
265 silly audit report }
266 timing metavuln:cache:get:security-advisory:axios:DWOj4TL+QC2jnljHYf8aCi6iPBcYq+0LOKjdzNVokECbG1iHEswe3GrSJSIK7xUS0P6cxBtfohelQazrR3iLYA== Completed in 185ms
267 timing metavuln:cache:get:security-advisory:got:6RwqOtyKHRfIYfVtDkU86+jmAkm03OLYFGvOQUWcpuzfU8h8RNz3w5ZFTGeJ+8QNC0jGK3xFL9UvdqMN+kLCrg== Completed in 183ms
268 http fetch GET 200 https://registry.npmjs.org/unzip-response/-/unzip-response-2.0.1.tgz 7583ms (cache miss)
269 timing reifyNode:node_modules/unzip-response Completed in 8212ms
270 http fetch GET 200 https://registry.npmjs.org/unique-random-array/-/unique-random-array-1.0.1.tgz 9548ms (cache miss)
271 timing reifyNode:node_modules/unique-random-array Completed in 10174ms
272 http fetch GET 200 https://registry.npmjs.org/wrappy/-/wrappy-1.0.2.tgz 9906ms (cache miss)
273 timing reifyNode:node_modules/wrappy Completed in 10511ms
274 http fetch GET 200 https://registry.npmjs.org/url-parse-lax/-/url-parse-lax-1.0.0.tgz 9897ms (cache miss)
275 timing reifyNode:node_modules/url-parse-lax Completed in 10511ms
276 http fetch GET 200 https://registry.npmjs.org/unique-random/-/unique-random-1.0.0.tgz 9888ms (cache miss)
277 timing reifyNode:node_modules/unique-random Completed in 10514ms
278 http fetch GET 200 https://registry.npmjs.org/timed-out/-/timed-out-4.0.1.tgz 10210ms (cache miss)
279 timing reifyNode:node_modules/timed-out Completed in 10882ms
280 http fetch GET 200 https://registry.npmjs.org/shebang-regex/-/shebang-regex-3.0.0.tgz 10189ms (cache miss)
281 timing reifyNode:node_modules/shebang-regex Completed in 10884ms
282 http fetch GET 200 https://registry.npmjs.org/strip-bom/-/strip-bom-2.0.0.tgz 10211ms (cache miss)
283 timing reifyNode:node_modules/strip-bom Completed in 10892ms
284 http fetch GET 200 https://registry.npmjs.org/spotify-url-info/-/spotify-url-info-2.2.9.tgz 10211ms (cache miss)
285 timing reifyNode:node_modules/spotify-url-info Completed in 10899ms
286 http fetch GET 200 https://registry.npmjs.org/yallist/-/yallist-4.0.0.tgz 10570ms (cache miss)
287 timing reifyNode:node_modules/yallist Completed in 11172ms
288 http fetch GET 200 https://registry.npmjs.org/which/-/which-2.0.2.tgz 10578ms (cache miss)
289 timing reifyNode:node_modules/which Completed in 11187ms
290 http fetch GET 200 https://registry.npmjs.org/webidl-conversions/-/webidl-conversions-3.0.1.tgz 10580ms (cache miss)
291 timing reifyNode:node_modules/webidl-conversions Completed in 11194ms
292 http fetch GET 200 https://registry.npmjs.org/write-file-atomic/-/write-file-atomic-5.0.1.tgz 10598ms (cache miss)
293 timing reifyNode:node_modules/write-file-atomic Completed in 11199ms
294 http fetch GET 200 https://registry.npmjs.org/shebang-command/-/shebang-command-2.0.0.tgz 10513ms (cache miss)
295 timing reifyNode:node_modules/shebang-command Completed in 11209ms
296 http fetch GET 200 https://registry.npmjs.org/regenerator-runtime/-/regenerator-runtime-0.14.1.tgz 10442ms (cache miss)
297 timing reifyNode:node_modules/regenerator-runtime Completed in 11212ms
298 http fetch GET 200 https://registry.npmjs.org/setimmediate/-/setimmediate-1.0.5.tgz 10521ms (cache miss)
299 timing reifyNode:node_modules/setimmediate Completed in 11218ms
300 http fetch GET 200 https://registry.npmjs.org/prepend-http/-/prepend-http-1.0.4.tgz 10716ms (cache miss)
301 timing reifyNode:node_modules/prepend-http Completed in 11501ms
302 http fetch GET 200 https://registry.npmjs.org/path-key/-/path-key-3.1.1.tgz 10717ms (cache miss)
303 timing reifyNode:node_modules/path-key Completed in 11503ms
304 http fetch GET 200 https://registry.npmjs.org/parse5-htmlparser2-tree-adapter/-/parse5-htmlparser2-tree-adapter-7.0.0.tgz 10636ms (cache miss)
305 timing reifyNode:node_modules/parse5-htmlparser2-tree-adapter Completed in 11505ms
306 http fetch GET 200 https://registry.npmjs.org/random-puppy/-/random-puppy-1.1.0.tgz 10739ms (cache miss)
307 timing reifyNode:node_modules/random-puppy Completed in 11514ms
308 http fetch GET 200 https://registry.npmjs.org/node_extra_ca_certs_mozilla_bundle/-/node_extra_ca_certs_mozilla_bundle-1.0.6.tgz 10616ms (cache miss)
309 timing reifyNode:node_modules/node_extra_ca_certs_mozilla_bundle Completed in 11514ms
310 http fetch GET 200 https://registry.npmjs.org/lru-cache/-/lru-cache-6.0.0.tgz 10549ms (cache miss)
311 timing reifyNode:node_modules/lru-cache Completed in 11523ms
312 http fetch GET 200 https://registry.npmjs.org/lowercase-keys/-/lowercase-keys-1.0.1.tgz 10584ms (cache miss)
313 timing reifyNode:node_modules/lowercase-keys Completed in 11558ms
314 http fetch GET 200 https://registry.npmjs.org/safe-buffer/-/safe-buffer-5.2.1.tgz 11094ms (cache miss)
315 timing reifyNode:node_modules/safe-buffer Completed in 11797ms
316 http fetch GET 200 https://registry.npmjs.org/node-domexception/-/node-domexception-1.0.0.tgz 10968ms (cache miss)
317 http fetch GET 200 https://registry.npmjs.org/next-tick/-/next-tick-1.1.0.tgz 10962ms (cache miss)
318 timing reifyNode:node_modules/next-tick Completed in 11859ms
319 http fetch GET 200 https://registry.npmjs.org/ms/-/ms-2.1.3.tgz 10958ms (cache miss)
320 timing reifyNode:node_modules/ms Completed in 11859ms
321 http fetch GET 200 https://registry.npmjs.org/once/-/once-1.4.0.tgz 10989ms (cache miss)
322 timing reifyNode:node_modules/once Completed in 11861ms
323 http fetch GET 200 https://registry.npmjs.org/imurmurhash/-/imurmurhash-0.1.4.tgz 10797ms (cache miss)
324 timing reifyNode:node_modules/imurmurhash Completed in 11872ms
325 http fetch GET 200 https://registry.npmjs.org/sax/-/sax-1.3.0.tgz 11315ms (cache miss)
326 timing reifyNode:node_modules/sax Completed in 12016ms
327 http fetch GET 200 https://registry.npmjs.org/nekos.life/-/nekos.life-3.0.0.tgz 11121ms (cache miss)
328 timing reifyNode:node_modules/nekos.life Completed in 12021ms
329 http fetch GET 200 https://registry.npmjs.org/methods/-/methods-1.1.2.tgz 11062ms (cache miss)
330 timing reifyNode:node_modules/methods Completed in 12022ms
331 http fetch GET 200 https://registry.npmjs.org/m3u8stream/-/m3u8stream-0.8.6.tgz 11056ms (cache miss)
332 http fetch GET 200 https://registry.npmjs.org/lru-queue/-/lru-queue-0.1.0.tgz 11055ms (cache miss)
333 timing reifyNode:node_modules/lru-queue Completed in 12025ms
334 http fetch GET 200 https://registry.npmjs.org/mime-types/-/mime-types-2.1.35.tgz 11069ms (cache miss)
335 timing reifyNode:node_modules/mime-types Completed in 12027ms
336 http fetch GET 200 https://registry.npmjs.org/serialize-javascript/-/serialize-javascript-5.0.1.tgz 11498ms (cache miss)
337 timing reifyNode:node_modules/serialize-javascript Completed in 12197ms
338 http fetch GET 200 https://registry.npmjs.org/randombytes/-/randombytes-2.1.0.tgz 11425ms (cache miss)
339 timing reifyNode:node_modules/randombytes Completed in 12196ms
340 http fetch GET 200 https://registry.npmjs.org/is-utf8/-/is-utf8-0.2.1.tgz 11211ms (cache miss)
341 timing reifyNode:node_modules/is-utf8 Completed in 12193ms
342 http fetch GET 200 https://registry.npmjs.org/is-stream/-/is-stream-1.1.0.tgz 11134ms (cache miss)
343 timing reifyNode:node_modules/is-stream Completed in 12193ms
344 http fetch GET 200 https://registry.npmjs.org/is-retry-allowed/-/is-retry-allowed-1.2.0.tgz 11132ms (cache miss)
345 timing reifyNode:node_modules/is-retry-allowed Completed in 12193ms
346 http fetch GET 200 https://registry.npmjs.org/is-promise/-/is-promise-2.2.2.tgz 11190ms (cache miss)
347 timing reifyNode:node_modules/is-promise Completed in 12257ms
348 http fetch GET 200 https://registry.npmjs.org/hexoid/-/hexoid-1.0.0.tgz 11165ms (cache miss)
349 timing reifyNode:node_modules/hexoid Completed in 12258ms
350 http fetch GET 200 https://registry.npmjs.org/hasown/-/hasown-2.0.2.tgz 11167ms (cache miss)
351 timing reifyNode:node_modules/hasown Completed in 12260ms
352 http fetch GET 200 https://registry.npmjs.org/event-emitter/-/event-emitter-0.3.5.tgz 11059ms (cache miss)
353 http fetch GET 200 https://registry.npmjs.org/novelcovid/-/novelcovid-3.0.2.tgz 11473ms (cache miss)
354 timing reifyNode:node_modules/novelcovid Completed in 12360ms
355 http fetch GET 200 https://registry.npmjs.org/miniget/-/miniget-4.2.3.tgz 11459ms (cache miss)
356 timing reifyNode:node_modules/miniget Completed in 12365ms
357 http fetch GET 200 https://registry.npmjs.org/is-redirect/-/is-redirect-1.0.0.tgz 11298ms (cache miss)
358 timing reifyNode:node_modules/is-redirect Completed in 12364ms
359 http fetch GET 200 https://registry.npmjs.org/https-proxy-agent/-/https-proxy-agent-6.2.1.tgz 11294ms (cache miss)
360 http fetch GET 200 https://registry.npmjs.org/got/-/got-6.7.1.tgz 11271ms (cache miss)
361 timing reifyNode:node_modules/got Completed in 12373ms
362 http fetch GET 200 https://registry.npmjs.org/gopd/-/gopd-1.0.1.tgz 11270ms (cache miss)
363 timing reifyNode:node_modules/gopd Completed in 12375ms
364 http fetch GET 200 https://registry.npmjs.org/get-intrinsic/-/get-intrinsic-1.2.4.tgz 11265ms (cache miss)
365 timing reifyNode:node_modules/get-intrinsic Completed in 12375ms
366 http fetch GET 200 https://registry.npmjs.org/fetch-blob/-/fetch-blob-3.2.0.tgz 11202ms (cache miss)
367 timing reifyNode:node_modules/fetch-blob Completed in 12376ms
368 http fetch GET 200 https://registry.npmjs.org/get-stream/-/get-stream-3.0.0.tgz 11278ms (cache miss)
369 timing reifyNode:node_modules/get-stream Completed in 12383ms
370 http fetch GET 200 https://registry.npmjs.org/es-errors/-/es-errors-1.3.0.tgz 11107ms (cache miss)
371 http fetch GET 200 https://registry.npmjs.org/easy-games-js/-/easy-games-js-1.2.1.tgz 11087ms (cache miss)
372 timing reifyNode:node_modules/easy-games-js Completed in 12340ms
373 http fetch GET 200 https://registry.npmjs.org/duplexer3/-/duplexer3-0.1.5.tgz 11091ms (cache miss)
374 timing reifyNode:node_modules/duplexer3 Completed in 12339ms
375 http fetch GET 200 https://registry.npmjs.org/es6-weak-map/-/es6-weak-map-2.0.3.tgz 11179ms (cache miss)
376 http fetch GET 200 https://registry.npmjs.org/define-data-property/-/define-data-property-1.1.4.tgz 11052ms (cache miss)
377 http fetch GET 200 https://registry.npmjs.org/es6-symbol/-/es6-symbol-3.1.4.tgz 11194ms (cache miss)
378 http fetch GET 200 https://registry.npmjs.org/has-proto/-/has-proto-1.0.3.tgz 11464ms (cache miss)
379 timing reifyNode:node_modules/has-proto Completed in 12561ms
380 http fetch GET 200 https://registry.npmjs.org/has-property-descriptors/-/has-property-descriptors-1.0.2.tgz 11463ms (cache miss)
381 timing reifyNode:node_modules/has-property-descriptors Completed in 12561ms
382 http fetch GET 200 https://registry.npmjs.org/fraction.js/-/fraction.js-4.3.4.tgz 11419ms (cache miss)
383 timing reifyNode:node_modules/fraction.js Completed in 12572ms
384 http fetch GET 200 https://registry.npmjs.org/eventemitter3/-/eventemitter3-1.2.0.tgz 11385ms (cache miss)
385 timing reifyNode:node_modules/eventemitter3 Completed in 12575ms
386 http fetch GET 200 https://registry.npmjs.org/fast-deep-equal/-/fast-deep-equal-3.1.3.tgz 11395ms (cache miss)
387 timing reifyNode:node_modules/fast-deep-equal Completed in 12579ms
388 http fetch GET 200 https://registry.npmjs.org/ext/-/ext-1.7.0.tgz 11407ms (cache miss)
389 http fetch GET 200 https://registry.npmjs.org/formdata-polyfill/-/formdata-polyfill-4.0.10.tgz 11433ms (cache miss)
390 timing reifyNode:node_modules/formdata-polyfill Completed in 12595ms
391 http fetch GET 200 https://registry.npmjs.org/domelementtype/-/domelementtype-2.3.0.tgz 11280ms (cache miss)
392 http fetch GET 200 https://registry.npmjs.org/snakecord/-/snakecord-1.0.9.tgz 11952ms (cache miss)
393 warn deprecated snakecord@1.0.9: Package no longer supported. Contact Support at https://www.npmjs.com/support for more info.
394 timing reifyNode:node_modules/snakecord Completed in 12668ms
395 http fetch GET 200 https://registry.npmjs.org/isexe/-/isexe-2.0.0.tgz 11685ms (cache miss)
396 timing reifyNode:node_modules/isexe Completed in 12663ms
397 http fetch GET 200 https://registry.npmjs.org/has-symbols/-/has-symbols-1.0.3.tgz 11576ms (cache miss)
398 http fetch GET 200 https://registry.npmjs.org/function-bind/-/function-bind-1.1.2.tgz 11562ms (cache miss)
399 http fetch GET 200 https://registry.npmjs.org/fast-safe-stringify/-/fast-safe-stringify-2.1.1.tgz 11501ms (cache miss)
400 timing reifyNode:node_modules/fast-safe-stringify Completed in 12677ms
401 http fetch GET 200 https://registry.npmjs.org/escape-latex/-/escape-latex-1.2.0.tgz 11469ms (cache miss)
402 timing reifyNode:node_modules/escape-latex Completed in 12686ms
403 http fetch GET 200 https://registry.npmjs.org/data-uri-to-buffer/-/data-uri-to-buffer-4.0.1.tgz 11329ms (cache miss)
404 timing reifyNode:node_modules/data-uri-to-buffer Completed in 12634ms
405 http fetch GET 200 https://registry.npmjs.org/css-what/-/css-what-6.1.0.tgz 11327ms (cache miss)
406 http fetch GET 200 https://registry.npmjs.org/delayed-stream/-/delayed-stream-1.0.0.tgz 11340ms (cache miss)
407 timing reifyNode:node_modules/delayed-stream Completed in 12638ms
408 http fetch GET 200 https://registry.npmjs.org/deepmerge/-/deepmerge-4.3.1.tgz 11337ms (cache miss)
409 http fetch GET 200 https://registry.npmjs.org/agent-base/-/agent-base-7.1.1.tgz 10840ms (cache miss)
410 http fetch GET 200 https://registry.npmjs.org/set-function-length/-/set-function-length-1.2.2.tgz 12106ms (cache miss)
411 timing reifyNode:node_modules/set-function-length Completed in 12803ms
412 timing reifyNode:node_modules/https-proxy-agent Completed in 12799ms
413 http fetch GET 200 https://registry.npmjs.org/form-data/-/form-data-4.0.0.tgz 11636ms (cache miss)
414 timing reifyNode:node_modules/form-data Completed in 12799ms
415 http fetch GET 200 https://registry.npmjs.org/follow-redirects/-/follow-redirects-1.15.6.tgz 11636ms (cache miss)
416 timing reifyNode:node_modules/follow-redirects Completed in 12800ms
417 http fetch GET 200 https://registry.npmjs.org/dotenv/-/dotenv-16.4.5.tgz 11497ms (cache miss)
418 http fetch GET 200 https://registry.npmjs.org/dezalgo/-/dezalgo-1.0.4.tgz 11447ms (cache miss)
419 timing reifyNode:node_modules/dezalgo Completed in 12744ms
420 http fetch GET 200 https://registry.npmjs.org/d/-/d-1.0.2.tgz 11438ms (cache miss)
421 timing reifyNode:node_modules/d Completed in 12743ms
422 http fetch GET 200 https://registry.npmjs.org/cpu-stat/-/cpu-stat-2.0.1.tgz 11294ms (cache miss)
423 timing reifyNode:node_modules/cpu-stat Completed in 12744ms
424 http fetch GET 200 https://registry.npmjs.org/combined-stream/-/combined-stream-1.0.8.tgz 11141ms (cache miss)
425 timing reifyNode:node_modules/combined-stream Completed in 12743ms
426 http fetch GET 200 https://registry.npmjs.org/cli-color/-/cli-color-2.0.4.tgz 11121ms (cache miss)
427 http fetch GET 200 https://registry.npmjs.org/cross-spawn/-/cross-spawn-7.0.3.tgz 11432ms (cache miss)
428 timing reifyNode:node_modules/cross-spawn Completed in 12747ms
429 http fetch GET 200 https://registry.npmjs.org/whatwg-url/-/whatwg-url-5.0.0.tgz 12283ms (cache miss)
430 timing reifyNode:node_modules/whatwg-url Completed in 12896ms
431 http fetch GET 200 https://registry.npmjs.org/proxy-from-env/-/proxy-from-env-1.1.0.tgz 12133ms (cache miss)
432 timing reifyNode:node_modules/proxy-from-env Completed in 12915ms
433 http fetch GET 200 https://registry.npmjs.org/es-define-property/-/es-define-property-1.0.0.tgz 11638ms (cache miss)
434 timing reifyNode:node_modules/es-define-property Completed in 12863ms
435 http fetch GET 200 https://registry.npmjs.org/discord-giveaways/-/discord-giveaways-4.5.1.tgz 11597ms (cache miss)
436 timing reifyNode:node_modules/domelementtype Completed in 12862ms
437 http fetch GET 200 https://registry.npmjs.org/asap/-/asap-2.0.6.tgz 11149ms (cache miss)
438 timing reifyNode:node_modules/asap Completed in 12885ms
439 http fetch GET 200 https://registry.npmjs.org/akaneko/-/akaneko-5.3.0.tgz 11106ms (cache miss)
440 timing reifyNode:node_modules/akaneko Completed in 12888ms
441 http fetch GET 200 https://registry.npmjs.org/call-bind/-/call-bind-1.0.7.tgz 11158ms (cache miss)
442 http fetch GET 200 https://registry.npmjs.org/javascript-natural-sort/-/javascript-natural-sort-0.7.1.tgz 12031ms (cache miss)
443 timing reifyNode:node_modules/has-symbols Completed in 13007ms
444 timing reifyNode:node_modules/function-bind Completed in 13006ms
445 timing reifyNode:node_modules/dotenv Completed in 12952ms
446 http fetch GET 200 https://registry.npmjs.org/discord-ytdl-core/-/discord-ytdl-core-5.0.4.tgz 11688ms (cache miss)
447 timing reifyNode:node_modules/discord-ytdl-core Completed in 12949ms
448 timing reifyNode:node_modules/discord-giveaways Completed in 12949ms
449 http fetch GET 200 https://registry.npmjs.org/dateformat/-/dateformat-5.0.3.tgz 11644ms (cache miss)
450 timing reifyNode:node_modules/dateformat Completed in 12948ms
451 timing reifyNode:node_modules/deepmerge Completed in 12950ms
452 http fetch GET 200 https://registry.npmjs.org/cookiejar/-/cookiejar-2.1.4.tgz 11500ms (cache miss)
453 timing reifyNode:node_modules/cookiejar Completed in 12998ms
454 http fetch GET 200 https://registry.npmjs.org/component-emitter/-/component-emitter-1.3.1.tgz 11479ms (cache miss)
455 timing reifyNode:node_modules/component-emitter Completed in 12998ms
456 http fetch GET 200 https://registry.npmjs.org/cheerio-select/-/cheerio-select-2.1.0.tgz 11288ms (cache miss)
457 http fetch GET 200 https://registry.npmjs.org/create-error-class/-/create-error-class-3.0.2.tgz 11580ms (cache miss)
458 timing reifyNode:node_modules/create-error-class Completed in 13005ms
459 http fetch GET 200 https://registry.npmjs.org/capture-stack-trace/-/capture-stack-trace-1.0.2.tgz 11353ms (cache miss)
460 timing reifyNode:node_modules/capture-stack-trace Completed in 13091ms
461 timing reifyNode:node_modules/call-bind Completed in 13091ms
462 http fetch GET 200 https://registry.npmjs.org/@sapphire/async-queue/-/async-queue-1.5.2.tgz 11277ms (cache miss)
463 http fetch GET 200 https://registry.npmjs.org/@types/node-fetch/-/node-fetch-2.6.11.tgz 11297ms (cache miss)
464 timing reifyNode:node_modules/@types/node-fetch Completed in 13085ms
465 http fetch GET 200 https://registry.npmjs.org/@discordjs/form-data/-/form-data-3.0.1.tgz 11272ms (cache miss)
466 http fetch GET 200 https://registry.npmjs.org/timers-ext/-/timers-ext-0.1.7.tgz 12530ms (cache miss)
467 timing reifyNode:node_modules/define-data-property Completed in 13212ms
468 http fetch GET 200 https://registry.npmjs.org/complex.js/-/complex.js-2.1.1.tgz 11676ms (cache miss)
469 http fetch GET 200 https://registry.npmjs.org/boolbase/-/boolbase-1.0.0.tgz 11463ms (cache miss)
470 timing reifyNode:node_modules/boolbase Completed in 13208ms
471 http fetch GET 200 https://registry.npmjs.org/asynckit/-/asynckit-0.4.0.tgz 11458ms (cache miss)
472 http fetch GET 200 https://registry.npmjs.org/aki-api/-/aki-api-6.0.9.tgz 11462ms (cache miss)
473 http fetch GET 200 https://registry.npmjs.org/@types/ws/-/ws-8.5.10.tgz 11427ms (cache miss)
474 timing reifyNode:node_modules/@types/ws Completed in 13212ms
475 warn deprecated @discordjs/form-data@3.0.1: Package no longer supported. Contact Support at https://www.npmjs.com/support for more info.
476 timing reifyNode:node_modules/@discordjs/form-data Completed in 13283ms
477 http fetch GET 200 https://registry.npmjs.org/mime/-/mime-2.6.0.tgz 12426ms (cache miss)
478 timing reifyNode:node_modules/mime Completed in 13385ms
479 timing reifyNode:node_modules/javascript-natural-sort Completed in 13385ms
480 http fetch GET 200 https://registry.npmjs.org/debug/-/debug-4.3.4.tgz 12031ms (cache miss)
481 timing reifyNode:node_modules/debug Completed in 13334ms
482 http fetch GET 200 https://registry.npmjs.org/cross-env/-/cross-env-7.0.3.tgz 11913ms (cache miss)
483 timing reifyNode:node_modules/cross-env Completed in 13334ms
484 http fetch GET 200 https://registry.npmjs.org/@napi-rs/canvas/-/canvas-0.1.51.tgz 11514ms (cache miss)
485 http fetch GET 200 https://registry.npmjs.org/aki-api/-/aki-api-5.2.1.tgz 11384ms (cache miss)
486 http fetch GET 200 https://registry.npmjs.org/xml2js/-/xml2js-0.5.0.tgz 12825ms (cache miss)
487 timing reifyNode:node_modules/xml2js Completed in 13423ms
488 http fetch GET 200 https://registry.npmjs.org/side-channel/-/side-channel-1.0.6.tgz 12787ms (cache miss)
489 timing reifyNode:node_modules/side-channel Completed in 13480ms
490 timing reifyNode:node_modules/es6-weak-map Completed in 13489ms
491 timing reifyNode:node_modules/es6-symbol Completed in 13439ms
492 timing reifyNode:node_modules/complex.js Completed in 13429ms
493 timing reifyNode:node_modules/@napi-rs/canvas Completed in 13420ms
494 http fetch GET 200 https://registry.npmjs.org/@aero/centra/-/centra-1.0.8.tgz 11502ms (cache miss)
495 timing reifyNode:node_modules/@aero/centra Completed in 13419ms
496 timing reifyNode:node_modules/timers-ext Completed in 13581ms
497 http fetch GET 200 https://registry.npmjs.org/dom-serializer/-/dom-serializer-2.0.0.tgz 12262ms (cache miss)
498 http fetch GET 200 https://registry.npmjs.org/abort-controller/-/abort-controller-3.0.0.tgz 11727ms (cache miss)
499 http fetch GET 200 https://registry.npmjs.org/prism-media/-/prism-media-1.3.5.tgz 12881ms (cache miss)
500 http fetch GET 200 https://registry.npmjs.org/node-fetch/-/node-fetch-2.7.0.tgz 11668ms (cache miss)
501 http fetch GET 200 https://registry.npmjs.org/@discordjs/collection/-/collection-0.1.6.tgz 11792ms (cache miss)
502 warn deprecated @discordjs/collection@0.1.6: no longer supported
503 timing reifyNode:node_modules/@discordjs/collection Completed in 13602ms
504 http fetch GET 200 https://registry.npmjs.org/ms/-/ms-2.1.2.tgz 11624ms (cache miss)
505 timing reifyNode:node_modules/debug/node_modules/ms Completed in 13623ms
506 timing reifyNode:node_modules/m3u8stream Completed in 13765ms
507 http fetch GET 200 https://registry.npmjs.org/entities/-/entities-2.2.0.tgz 12481ms (cache miss)
508 http fetch GET 200 https://registry.npmjs.org/domhandler/-/domhandler-5.0.3.tgz 12472ms (cache miss)
509 timing reifyNode:node_modules/agent-base Completed in 13721ms
510 timing reifyNode:node_modules/abort-controller Completed in 13721ms
511 http fetch GET 200 https://registry.npmjs.org/cross-fetch/-/cross-fetch-3.1.8.tgz 12327ms (cache miss)
512 timing reifyNode:node_modules/snakecord/node_modules/node-fetch Completed in 13818ms
513 timing reifyNode:node_modules/event-emitter Completed in 13854ms
514 timing reifyNode:node_modules/dom-serializer Completed in 13799ms
515 timing reifyNode:node_modules/asynckit Completed in 13793ms
516 http fetch GET 200 https://registry.npmjs.org/node-fetch/-/node-fetch-2.7.0.tgz 11878ms (cache miss)
517 http fetch GET 200 https://registry.npmjs.org/node-fetch/-/node-fetch-2.7.0.tgz 11816ms (cache miss)
518 http fetch GET 200 https://registry.npmjs.org/node-fetch/-/node-fetch-2.7.0.tgz 11861ms (cache miss)
519 timing reifyNode:node_modules/prism-media Completed in 13919ms
520 http fetch GET 200 https://registry.npmjs.org/memoizee/-/memoizee-0.4.15.tgz 12953ms (cache miss)
521 timing reifyNode:node_modules/es-errors Completed in 13870ms
522 timing reifyNode:node_modules/cross-fetch/node_modules/node-fetch Completed in 13926ms
523 timing reifyNode:node_modules/discord.js/node_modules/node-fetch Completed in 13931ms
524 http fetch GET 200 https://registry.npmjs.org/tslib/-/tslib-2.6.2.tgz 13389ms (cache miss)
525 timing reifyNode:node_modules/tslib Completed in 14018ms
526 http fetch GET 200 https://registry.npmjs.org/mime-db/-/mime-db-1.52.0.tgz 13057ms (cache miss)
527 timing reifyNode:node_modules/mime-db Completed in 14017ms
528 timing reifyNode:node_modules/entities Completed in 13962ms
529 http fetch GET 200 https://registry.npmjs.org/esniff/-/esniff-2.0.1.tgz 12807ms (cache miss)
530 timing reifyNode:node_modules/domhandler Completed in 13961ms
531 timing reifyNode:node_modules/cross-fetch Completed in 13956ms
532 http fetch GET 200 https://registry.npmjs.org/ytdl-core/-/ytdl-core-4.11.5.tgz 13446ms (cache miss)
533 timing reifyNode:node_modules/ytdl-core Completed in 14044ms
534 timing reifyNode:node_modules/@sapphire/async-queue Completed in 14009ms
535 timing reifyNode:node_modules/soundcloud-scraper/node_modules/node-fetch Completed in 14105ms
536 http fetch GET 200 https://registry.npmjs.org/@discordjs/collection/-/collection-0.7.0.tgz 12081ms (cache miss)
537 timing reifyNode:node_modules/memoizee Completed in 14162ms
538 http fetch GET 200 https://registry.npmjs.org/es6-iterator/-/es6-iterator-2.0.3.tgz 12951ms (cache miss)
539 http fetch GET 200 https://registry.npmjs.org/tiny-emitter/-/tiny-emitter-2.1.0.tgz 13597ms (cache miss)
540 timing reifyNode:node_modules/tiny-emitter Completed in 14228ms
541 http fetch GET 200 https://registry.npmjs.org/soundcloud-scraper/-/soundcloud-scraper-5.0.3.tgz 13538ms (cache miss)
542 timing reifyNode:node_modules/soundcloud-scraper Completed in 14227ms
543 timing reifyNode:node_modules/esniff Completed in 14215ms
544 timing reifyNode:node_modules/cli-color Completed in 14153ms
545 warn deprecated @discordjs/collection@0.7.0: no longer supported
546 timing reifyNode:node_modules/snakecord/node_modules/@discordjs/collection Completed in 14389ms
547 timing reifyNode:node_modules/es6-iterator Completed in 14350ms
548 http fetch GET 200 https://registry.npmjs.org/axios 10964ms (cache miss)
549 timing metavuln:packument:axios Completed in 10980ms
550 timing metavuln:load:security-advisory:axios:1096525 Completed in 5ms
551 http fetch GET 200 https://registry.npmjs.org/node-fetch/-/node-fetch-3.3.2.tgz 13610ms (cache miss)
552 timing reifyNode:node_modules/node-fetch Completed in 14498ms
553 http fetch GET 200 https://registry.npmjs.org/nth-check/-/nth-check-2.1.1.tgz 13682ms (cache miss)
554 timing reifyNode:node_modules/nth-check Completed in 14559ms
555 http fetch GET 200 https://registry.npmjs.org/qs/-/qs-6.12.0.tgz 13789ms (cache miss)
556 http fetch GET 200 https://registry.npmjs.org/event-target-shim/-/event-target-shim-5.0.1.tgz 13357ms (cache miss)
557 timing reifyNode:node_modules/event-target-shim Completed in 14558ms
558 http fetch GET 200 https://registry.npmjs.org/decimal.js/-/decimal.js-10.4.3.tgz 13240ms (cache miss)
559 timing reifyNode:node_modules/decimal.js Completed in 14541ms
560 http fetch GET 200 https://registry.npmjs.org/signal-exit/-/signal-exit-4.1.0.tgz 13925ms (cache miss)
561 timing reifyNode:node_modules/qs Completed in 14707ms
562 timing reifyNode:node_modules/signal-exit Completed in 14804ms
563 timing reifyNode:node_modules/node-domexception Completed in 14797ms
564 http fetch GET 200 https://registry.npmjs.org/got 11301ms (cache miss)
565 timing metavuln:packument:got Completed in 11305ms
566 timing metavuln:load:security-advisory:got:1088948 Completed in 105ms
567 http fetch GET 200 https://registry.npmjs.org/spotify-uri/-/spotify-uri-2.2.2.tgz 14235ms (cache miss)
568 http fetch GET 200 https://registry.npmjs.org/discord-player/-/discord-player-4.1.4.tgz 13663ms (cache miss)
569 http fetch GET 200 https://registry.npmjs.org/ws/-/ws-7.5.9.tgz 14427ms (cache miss)
570 timing reifyNode:node_modules/ws Completed in 15026ms
571 timing reifyNode:node_modules/cheerio-select Completed in 14951ms
572 timing reifyNode:node_modules/easy-games-js/node_modules/aki-api Completed in 15001ms
573 timing reifyNode:node_modules/spotify-uri Completed in 15081ms
574 warn deprecated discord-player@4.1.4: This version is no longer supported. Please switch to v6.x
575 timing reifyNode:node_modules/discord-player Completed in 15016ms
576 timing reifyNode:node_modules/css-what Completed in 15015ms
577 http fetch GET 200 https://registry.npmjs.org/formidable/-/formidable-2.1.2.tgz 13999ms (cache miss)
578 timing reifyNode:node_modules/formidable Completed in 15154ms
579 http fetch GET 200 https://registry.npmjs.org/tweetnacl/-/tweetnacl-1.0.3.tgz 14749ms (cache miss)
580 timing reifyNode:node_modules/tweetnacl Completed in 15377ms
581 http fetch GET 200 https://registry.npmjs.org/ts-mixer/-/ts-mixer-6.0.4.tgz 14749ms (cache miss)
582 timing reifyNode:node_modules/ts-mixer Completed in 15379ms
583 timing reifyNode:node_modules/aki-api Completed in 15319ms
584 http fetch GET 200 https://registry.npmjs.org/discord-buttons/-/discord-buttons-4.0.0.tgz 14183ms (cache miss)
585 http fetch GET 200 https://registry.npmjs.org/@discordjs/builders/-/builders-0.16.0.tgz 13620ms (cache miss)
586 http fetch GET 200 https://registry.npmjs.org/undici-types/-/undici-types-5.26.5.tgz 14912ms (cache miss)
587 timing reifyNode:node_modules/undici-types Completed in 15539ms
588 http fetch GET 200 https://registry.npmjs.org/tr46/-/tr46-0.0.3.tgz 14907ms (cache miss)
589 timing reifyNode:node_modules/tr46 Completed in 15537ms
590 timing metavuln:cache:put:security-advisory:axios:DWOj4TL+QC2jnljHYf8aCi6iPBcYq+0LOKjdzNVokECbG1iHEswe3GrSJSIK7xUS0P6cxBtfohelQazrR3iLYA== Completed in 1106ms
591 timing metavuln:calculate:security-advisory:axios:1096525 Completed in 12095ms
592 warn deprecated discord-buttons@4.0.0: New lib is coming! Join our support server for more help: https://discord.gg/KUS5pjyA4J
593 timing reifyNode:node_modules/discord-buttons Completed in 15568ms
594 warn deprecated @discordjs/builders@0.16.0: no longer supported
595 timing reifyNode:node_modules/@discordjs/builders Completed in 15579ms
596 http fetch GET 200 https://registry.npmjs.org/ws/-/ws-8.16.0.tgz 13788ms (cache miss)
597 timing reifyNode:node_modules/snakecord/node_modules/ws Completed in 15803ms
598 http fetch GET 200 https://registry.npmjs.org/youtube-sr/-/youtube-sr-4.3.10.tgz 15222ms (cache miss)
599 timing reifyNode:node_modules/youtube-sr Completed in 15821ms
600 timing metavuln:cache:put:security-advisory:got:6RwqOtyKHRfIYfVtDkU86+jmAkm03OLYFGvOQUWcpuzfU8h8RNz3w5ZFTGeJ+8QNC0jGK3xFL9UvdqMN+kLCrg== Completed in 979ms
601 timing metavuln:calculate:security-advisory:got:1088948 Completed in 12390ms
602 timing metavuln:cache:get:security-advisory:aki-api:Q657zaFtkwL+WxA5q7cry8iX+GN/PBzSG7PbwNQGIVMWZXrSA8DyfxCNj2j1VkH1YKM4/BJiOFkttkrPV/wYIA== Completed in 137ms
603 http fetch GET 200 https://registry.npmjs.org/object-inspect/-/object-inspect-1.13.1.tgz 15218ms (cache miss)
604 timing reifyNode:node_modules/object-inspect Completed in 16104ms
605 http fetch GET 200 https://registry.npmjs.org/htmlparser2/-/htmlparser2-8.0.2.tgz 15019ms (cache miss)
606 timing reifyNode:node_modules/htmlparser2 Completed in 16205ms
607 http fetch GET 200 https://registry.npmjs.org/typed-function/-/typed-function-4.1.1.tgz 15696ms (cache miss)
608 timing reifyNode:node_modules/typed-function Completed in 16331ms
609 http fetch GET 200 https://registry.npmjs.org/semver/-/semver-7.6.0.tgz 15885ms (cache miss)
610 timing reifyNode:node_modules/semver Completed in 16585ms
611 timing reifyNode:node_modules/ext Completed in 16574ms
612 http fetch GET 200 https://registry.npmjs.org/xmlbuilder/-/xmlbuilder-11.0.1.tgz 16141ms (cache miss)
613 timing reifyNode:node_modules/xmlbuilder Completed in 16742ms
614 http fetch GET 200 https://registry.npmjs.org/himalaya/-/himalaya-1.1.0.tgz 16086ms (cache miss)
615 http fetch GET 200 https://registry.npmjs.org/aki-api 1288ms (cache miss)
616 timing metavuln:packument:aki-api Completed in 1291ms
617 timing metavuln:load:security-advisory:aki-api:DWOj4TL+QC2jnljHYf8aCi6iPBcYq+0LOKjdzNVokECbG1iHEswe3GrSJSIK7xUS0P6cxBtfohelQazrR3iLYA== Completed in 28ms
618 timing reifyNode:node_modules/himalaya Completed in 17315ms
619 http fetch GET 200 https://registry.npmjs.org/seedrandom/-/seedrandom-3.0.5.tgz 16705ms (cache miss)
620 timing reifyNode:node_modules/seedrandom Completed in 17525ms
621 http fetch GET 200 https://registry.npmjs.org/domutils/-/domutils-3.1.0.tgz 16207ms (cache miss)
622 timing reifyNode:node_modules/domutils Completed in 17538ms
623 http fetch GET 200 https://registry.npmjs.org/axios/-/axios-0.21.4.tgz 15582ms (cache miss)
624 timing reifyNode:node_modules/easy-games-js/node_modules/axios Completed in 17559ms
625 http fetch GET 200 https://registry.npmjs.org/superagent/-/superagent-8.1.2.tgz 17124ms (cache miss)
626 timing reifyNode:node_modules/superagent Completed in 17804ms
627 http fetch GET 200 https://registry.npmjs.org/quick.db/-/quick.db-9.1.7.tgz 17116ms (cache miss)
628 timing reifyNode:node_modules/quick.db Completed in 18016ms
629 timing metavuln:cache:put:security-advisory:aki-api:Q657zaFtkwL+WxA5q7cry8iX+GN/PBzSG7PbwNQGIVMWZXrSA8DyfxCNj2j1VkH1YKM4/BJiOFkttkrPV/wYIA== Completed in 859ms
630 timing metavuln:calculate:security-advisory:aki-api:DWOj4TL+QC2jnljHYf8aCi6iPBcYq+0LOKjdzNVokECbG1iHEswe3GrSJSIK7xUS0P6cxBtfohelQazrR3iLYA== Completed in 2178ms
631 timing metavuln:cache:get:security-advisory:random-puppy:E9GzINaCqqryefxkJTKrXrLPZPNAexKrLyGGbF0r+a56ERkvWevb055VZu6906o5fU8uDrjoNuI5rV8eXAchGA== Completed in 16ms
632 http fetch GET 200 https://registry.npmjs.org/bluebird/-/bluebird-3.7.2.tgz 16373ms (cache miss)
633 timing reifyNode:node_modules/bluebird Completed in 18217ms
634 http fetch GET 200 https://registry.npmjs.org/entities/-/entities-4.5.0.tgz 16326ms (cache miss)
635 http fetch GET 200 https://registry.npmjs.org/entities/-/entities-4.5.0.tgz 16446ms (cache miss)
636 http fetch GET 200 https://registry.npmjs.org/npm 19967ms (cache miss)
637 http fetch GET 200 https://registry.npmjs.org/entities/-/entities-4.5.0.tgz 16668ms (cache miss)
638 timing reifyNode:node_modules/htmlparser2/node_modules/entities Completed in 18686ms
639 timing reifyNode:node_modules/parse5/node_modules/entities Completed in 18768ms
640 timing reifyNode:node_modules/dom-serializer/node_modules/entities Completed in 18727ms
641 http fetch GET 200 https://registry.npmjs.org/@sapphire/shapeshift/-/shapeshift-3.9.7.tgz 16989ms (cache miss)
642 timing reifyNode:node_modules/@sapphire/shapeshift Completed in 18779ms
643 http fetch GET 200 https://registry.npmjs.org/css-select/-/css-select-5.1.0.tgz 17685ms (cache miss)
644 timing reifyNode:node_modules/css-select Completed in 19016ms
645 http fetch GET 200 https://registry.npmjs.org/random-puppy 1209ms (cache miss)
646 timing metavuln:packument:random-puppy Completed in 1210ms
647 timing metavuln:load:security-advisory:random-puppy:6RwqOtyKHRfIYfVtDkU86+jmAkm03OLYFGvOQUWcpuzfU8h8RNz3w5ZFTGeJ+8QNC0jGK3xFL9UvdqMN+kLCrg== Completed in 18ms
648 timing metavuln:cache:put:security-advisory:random-puppy:E9GzINaCqqryefxkJTKrXrLPZPNAexKrLyGGbF0r+a56ERkvWevb055VZu6906o5fU8uDrjoNuI5rV8eXAchGA== Completed in 539ms
649 timing metavuln:calculate:security-advisory:random-puppy:6RwqOtyKHRfIYfVtDkU86+jmAkm03OLYFGvOQUWcpuzfU8h8RNz3w5ZFTGeJ+8QNC0jGK3xFL9UvdqMN+kLCrg== Completed in 1768ms
650 timing metavuln:cache:get:security-advisory:easy-games-js:hi6oJFFI9LLEjKbG/2T+5g2l7pPvs7KOxgwmcOSkXvGvoCFb/tHF15N/C/7OtDwL5/9UHEoM+HXoK2akHRVmQA== Completed in 33ms
651 http fetch GET 200 https://registry.npmjs.org/parse5/-/parse5-7.1.2.tgz 19042ms (cache miss)
652 timing reifyNode:node_modules/parse5 Completed in 19979ms
653 http fetch GET 200 https://registry.npmjs.org/rss-parser/-/rss-parser-3.13.0.tgz 19219ms (cache miss)
654 timing reifyNode:node_modules/rss-parser Completed in 20002ms
655 http fetch GET 200 https://registry.npmjs.org/cheerio/-/cheerio-1.0.0-rc.12.tgz 18798ms (cache miss)
656 timing reifyNode:node_modules/cheerio Completed in 20557ms
657 http fetch GET 200 https://registry.npmjs.org/common-tags/-/common-tags-1.8.2.tgz 19076ms (cache miss)
658 timing reifyNode:node_modules/common-tags Completed in 20648ms
659 http fetch GET 200 https://registry.npmjs.org/easy-games-js 1110ms (cache miss)
660 timing metavuln:packument:easy-games-js Completed in 1111ms
661 timing metavuln:load:security-advisory:easy-games-js:Q657zaFtkwL+WxA5q7cry8iX+GN/PBzSG7PbwNQGIVMWZXrSA8DyfxCNj2j1VkH1YKM4/BJiOFkttkrPV/wYIA== Completed in 1ms
662 http fetch GET 200 https://registry.npmjs.org/type/-/type-2.7.2.tgz 20385ms (cache miss)
663 timing reifyNode:node_modules/type Completed in 21075ms
664 http fetch GET 200 https://registry.npmjs.org/@types/node/-/node-20.12.2.tgz 19391ms (cache miss)
665 timing metavuln:cache:put:security-advisory:easy-games-js:hi6oJFFI9LLEjKbG/2T+5g2l7pPvs7KOxgwmcOSkXvGvoCFb/tHF15N/C/7OtDwL5/9UHEoM+HXoK2akHRVmQA== Completed in 331ms
666 timing metavuln:calculate:security-advisory:easy-games-js:Q657zaFtkwL+WxA5q7cry8iX+GN/PBzSG7PbwNQGIVMWZXrSA8DyfxCNj2j1VkH1YKM4/BJiOFkttkrPV/wYIA== Completed in 1443ms
667 timing auditReport:init Completed in 17790ms
668 timing reify:audit Completed in 21402ms
669 timing reifyNode:node_modules/@types/node Completed in 21224ms
670 http fetch GET 200 https://registry.npmjs.org/axios/-/axios-1.6.8.tgz 19693ms (cache miss)
671 timing reifyNode:node_modules/axios Completed in 21442ms
672 http fetch GET 200 https://registry.npmjs.org/@babel/runtime/-/runtime-7.24.1.tgz 19680ms (cache miss)
673 timing reifyNode:node_modules/@babel/runtime Completed in 21522ms
674 http fetch GET 200 https://registry.npmjs.org/discord.js/-/discord.js-12.5.3.tgz 21372ms (cache miss)
675 warn deprecated discord.js@12.5.3: no longer supported
676 timing reifyNode:node_modules/discord.js Completed in 22633ms
677 http fetch GET 200 https://registry.npmjs.org/discord.js/-/discord.js-13.17.1.tgz 22009ms (cache miss)
678 timing reifyNode:node_modules/snakecord/node_modules/discord.js Completed in 24122ms
679 http fetch GET 200 https://registry.npmjs.org/es5-ext/-/es5-ext-0.10.64.tgz 23934ms (cache miss)
680 timing reifyNode:node_modules/es5-ext Completed in 25156ms
681 http fetch GET 200 https://registry.npmjs.org/web-streams-polyfill/-/web-streams-polyfill-3.3.3.tgz 25417ms (cache miss)
682 timing reifyNode:node_modules/web-streams-polyfill Completed in 26032ms
683 http fetch GET 200 https://registry.npmjs.org/moment/-/moment-2.30.1.tgz 26985ms (cache miss)
684 timing reifyNode:node_modules/moment Completed in 27894ms
685 http fetch GET 200 https://registry.npmjs.org/csvtojson/-/csvtojson-2.0.10.tgz 27749ms (cache miss)
686 timing reifyNode:node_modules/csvtojson Completed in 29095ms
687 http fetch GET 200 https://registry.npmjs.org/lodash/-/lodash-4.17.21.tgz 28451ms (cache miss)
688 timing reifyNode:node_modules/lodash Completed in 29429ms
689 http fetch GET 200 https://registry.npmjs.org/discord-api-types/-/discord-api-types-0.36.3.tgz 27725ms (cache miss)
690 http fetch GET 200 https://registry.npmjs.org/discord-api-types/-/discord-api-types-0.33.5.tgz 28444ms (cache miss)
691 timing reifyNode:node_modules/@discordjs/builders/node_modules/discord-api-types Completed in 29729ms
692 timing reifyNode:node_modules/discord-api-types Completed in 29763ms
693 http fetch GET 200 https://registry.npmjs.org/@napi-rs/canvas-linux-x64-musl/-/canvas-linux-x64-musl-0.1.51.tgz 31085ms (cache miss)
694 timing reifyNode:node_modules/@napi-rs/canvas-linux-x64-musl Completed in 32889ms
695 http fetch GET 200 https://registry.npmjs.org/@napi-rs/canvas-linux-x64-gnu/-/canvas-linux-x64-gnu-0.1.51.tgz 31111ms (cache miss)
696 timing reifyNode:node_modules/@napi-rs/canvas-linux-x64-gnu Completed in 32916ms
697 http fetch GET 200 https://registry.npmjs.org/mathjs/-/mathjs-12.4.1.tgz 35224ms (cache miss)
698 timing reifyNode:node_modules/mathjs Completed in 36192ms
699 timing reify:unpack Completed in 36214ms
700 timing reify:unretire Completed in 1ms
701 timing build:queue Completed in 29ms
702 timing build:link:node_modules/cross-env Completed in 38ms
703 timing build:link:node_modules/csvtojson Completed in 38ms
704 timing build:link:node_modules/mime Completed in 37ms
705 timing build:link:node_modules/which Completed in 37ms
706 timing build:link:node_modules/semver Completed in 37ms
707 timing build:link:node_modules/mathjs Completed in 40ms
708 timing build:link Completed in 41ms
709 info run node_extra_ca_certs_mozilla_bundle@1.0.6 install node_modules/node_extra_ca_certs_mozilla_bundle node index.js
710 info run node_extra_ca_certs_mozilla_bundle@1.0.6 install { code: 0, signal: null }
711 timing build:run:install:node_modules/node_extra_ca_certs_mozilla_bundle Completed in 18134ms
712 timing build:run:install Completed in 18136ms
713 info run es5-ext@0.10.64 postinstall node_modules/es5-ext  node -e "try{require('./_postinstall')}catch(e){}" || exit 0
714 info run es5-ext@0.10.64 postinstall { code: 0, signal: null }
715 timing build:run:postinstall:node_modules/es5-ext Completed in 287ms
716 timing build:run:postinstall Completed in 291ms
717 timing build:deps Completed in 18498ms
718 timing build Completed in 18498ms
719 timing reify:build Completed in 18500ms
720 timing reify:trash Completed in 7ms
721 timing reify:save Completed in 492ms
722 timing reify Completed in 57007ms
723 silly ADD node_modules/ytdl-core
724 silly ADD node_modules/youtube-sr
725 silly ADD node_modules/yallist
726 silly ADD node_modules/xmlbuilder
727 silly ADD node_modules/xml2js
728 silly ADD node_modules/ws
729 silly ADD node_modules/write-file-atomic
730 silly ADD node_modules/wrappy
731 silly ADD node_modules/which
732 silly ADD node_modules/whatwg-url
733 silly ADD node_modules/webidl-conversions
734 silly ADD node_modules/web-streams-polyfill
735 silly ADD node_modules/url-parse-lax
736 silly ADD node_modules/unzip-response
737 silly ADD node_modules/unique-random-array
738 silly ADD node_modules/unique-random
739 silly ADD node_modules/undici-types
740 silly ADD node_modules/typed-function
741 silly ADD node_modules/type
742 silly ADD node_modules/tweetnacl
743 silly ADD node_modules/tslib
744 silly ADD node_modules/ts-mixer
745 silly ADD node_modules/tr46
746 silly ADD node_modules/tiny-emitter
747 silly ADD node_modules/timers-ext
748 silly ADD node_modules/timed-out
749 silly ADD node_modules/superagent
750 silly ADD node_modules/strip-bom
751 silly ADD node_modules/spotify-url-info
752 silly ADD node_modules/spotify-uri
753 silly ADD node_modules/soundcloud-scraper
754 silly ADD node_modules/soundcloud-scraper/node_modules/node-fetch
755 silly ADD node_modules/snakecord
756 silly ADD node_modules/snakecord/node_modules/ws
757 silly ADD node_modules/snakecord/node_modules/node-fetch
758 silly ADD node_modules/snakecord/node_modules/discord.js
759 silly ADD node_modules/snakecord/node_modules/@discordjs/collection
760 silly ADD node_modules/signal-exit
761 silly ADD node_modules/side-channel
762 silly ADD node_modules/shebang-regex
763 silly ADD node_modules/shebang-command
764 silly ADD node_modules/setimmediate
765 silly ADD node_modules/set-function-length
766 silly ADD node_modules/serialize-javascript
767 silly ADD node_modules/semver
768 silly ADD node_modules/seedrandom
769 silly ADD node_modules/sax
770 silly ADD node_modules/safe-buffer
771 silly ADD node_modules/rss-parser
772 silly ADD node_modules/regenerator-runtime
773 silly ADD node_modules/randombytes
774 silly ADD node_modules/random-puppy
775 silly ADD node_modules/quick.db
776 silly ADD node_modules/qs
777 silly ADD node_modules/proxy-from-env
778 silly ADD node_modules/prism-media
779 silly ADD node_modules/prepend-http
780 silly ADD node_modules/path-key
781 silly ADD node_modules/parse5-htmlparser2-tree-adapter
782 silly ADD node_modules/parse5
783 silly ADD node_modules/parse5/node_modules/entities
784 silly ADD node_modules/once
785 silly ADD node_modules/object-inspect
786 silly ADD node_modules/nth-check
787 silly ADD node_modules/novelcovid
788 silly ADD node_modules/node-fetch
789 silly ADD node_modules/node-domexception
790 silly ADD node_modules/node_extra_ca_certs_mozilla_bundle
791 silly ADD node_modules/next-tick
792 silly ADD node_modules/nekos.life
793 silly ADD node_modules/ms
794 silly ADD node_modules/moment
795 silly ADD node_modules/miniget
796 silly ADD node_modules/mime-types
797 silly ADD node_modules/mime-db
798 silly ADD node_modules/mime
799 silly ADD node_modules/methods
800 silly ADD node_modules/memoizee
801 silly ADD node_modules/mathjs
802 silly ADD node_modules/m3u8stream
803 silly ADD node_modules/lru-queue
804 silly ADD node_modules/lru-cache
805 silly ADD node_modules/lowercase-keys
806 silly ADD node_modules/lodash
807 silly ADD node_modules/javascript-natural-sort
808 silly ADD node_modules/isexe
809 silly ADD node_modules/is-utf8
810 silly ADD node_modules/is-stream
811 silly ADD node_modules/is-retry-allowed
812 silly ADD node_modules/is-redirect
813 silly ADD node_modules/is-promise
814 silly ADD node_modules/imurmurhash
815 silly ADD node_modules/https-proxy-agent
816 silly ADD node_modules/htmlparser2
817 silly ADD node_modules/htmlparser2/node_modules/entities
818 silly ADD node_modules/himalaya
819 silly ADD node_modules/hexoid
820 silly ADD node_modules/hasown
821 silly ADD node_modules/has-symbols
822 silly ADD node_modules/has-proto
823 silly ADD node_modules/has-property-descriptors
824 silly ADD node_modules/got
825 silly ADD node_modules/gopd
826 silly ADD node_modules/get-stream
827 silly ADD node_modules/get-intrinsic
828 silly ADD node_modules/function-bind
829 silly ADD node_modules/fraction.js
830 silly ADD node_modules/formidable
831 silly ADD node_modules/formdata-polyfill
832 silly ADD node_modules/form-data
833 silly ADD node_modules/follow-redirects
834 silly ADD node_modules/fetch-blob
835 silly ADD node_modules/fast-safe-stringify
836 silly ADD node_modules/fast-deep-equal
837 silly ADD node_modules/ext
838 silly ADD node_modules/eventemitter3
839 silly ADD node_modules/event-target-shim
840 silly ADD node_modules/event-emitter
841 silly ADD node_modules/esniff
842 silly ADD node_modules/escape-latex
843 silly ADD node_modules/es6-weak-map
844 silly ADD node_modules/es6-symbol
845 silly ADD node_modules/es6-iterator
846 silly ADD node_modules/es5-ext
847 silly ADD node_modules/es-errors
848 silly ADD node_modules/es-define-property
849 silly ADD node_modules/entities
850 silly ADD node_modules/easy-games-js
851 silly ADD node_modules/easy-games-js/node_modules/axios
852 silly ADD node_modules/easy-games-js/node_modules/aki-api
853 silly ADD node_modules/duplexer3
854 silly ADD node_modules/dotenv
855 silly ADD node_modules/domutils
856 silly ADD node_modules/domhandler
857 silly ADD node_modules/domelementtype
858 silly ADD node_modules/dom-serializer
859 silly ADD node_modules/dom-serializer/node_modules/entities
860 silly ADD node_modules/discord.js
861 silly ADD node_modules/discord.js/node_modules/node-fetch
862 silly ADD node_modules/discord-ytdl-core
863 silly ADD node_modules/discord-player
864 silly ADD node_modules/discord-giveaways
865 silly ADD node_modules/discord-buttons
866 silly ADD node_modules/discord-api-types
867 silly ADD node_modules/dezalgo
868 silly ADD node_modules/delayed-stream
869 silly ADD node_modules/define-data-property
870 silly ADD node_modules/deepmerge
871 silly ADD node_modules/decimal.js
872 silly ADD node_modules/debug
873 silly ADD node_modules/debug/node_modules/ms
874 silly ADD node_modules/dateformat
875 silly ADD node_modules/data-uri-to-buffer
876 silly ADD node_modules/d
877 silly ADD node_modules/csvtojson
878 silly ADD node_modules/css-what
879 silly ADD node_modules/css-select
880 silly ADD node_modules/cross-spawn
881 silly ADD node_modules/cross-fetch
882 silly ADD node_modules/cross-fetch/node_modules/node-fetch
883 silly ADD node_modules/cross-env
884 silly ADD node_modules/create-error-class
885 silly ADD node_modules/cpu-stat
886 silly ADD node_modules/cookiejar
887 silly ADD node_modules/component-emitter
888 silly ADD node_modules/complex.js
889 silly ADD node_modules/common-tags
890 silly ADD node_modules/combined-stream
891 silly ADD node_modules/cli-color
892 silly ADD node_modules/cheerio-select
893 silly ADD node_modules/cheerio
894 silly ADD node_modules/capture-stack-trace
895 silly ADD node_modules/call-bind
896 silly ADD node_modules/boolbase
897 silly ADD node_modules/bluebird
898 silly ADD node_modules/axios
899 silly ADD node_modules/asynckit
900 silly ADD node_modules/asap
901 silly ADD node_modules/aki-api
902 silly ADD node_modules/akaneko
903 silly ADD node_modules/agent-base
904 silly ADD node_modules/abort-controller
905 silly ADD node_modules/@types/ws
906 silly ADD node_modules/@types/node-fetch
907 silly ADD node_modules/@types/node
908 silly ADD node_modules/@sapphire/shapeshift
909 silly ADD node_modules/@sapphire/async-queue
910 silly ADD
911 silly ADD node_modules/@napi-rs/canvas-linux-x64-musl
912 silly ADD node_modules/@napi-rs/canvas-linux-x64-gnu
913 silly ADD
914 silly ADD
915 silly ADD
916 silly ADD
917 silly ADD
918 silly ADD
919 silly ADD node_modules/@napi-rs/canvas
920 silly ADD node_modules/@discordjs/form-data
921 silly ADD node_modules/@discordjs/collection
922 silly ADD node_modules/@discordjs/builders
923 silly ADD node_modules/@discordjs/builders/node_modules/discord-api-types
924 silly ADD node_modules/@babel/runtime
925 silly ADD node_modules/@aero/centra
926 timing command:install Completed in 57124ms
927 notice
927 notice New [31mmajor[39m version of npm available! [31m9.8.1[39m -> [32m10.5.0[39m
927 notice Changelog: [36mhttps://github.com/npm/cli/releases/tag/v10.5.0[39m
927 notice Run [32mnpm install -g npm@10.5.0[39m to update!
927 notice
928 verbose exit 0
929 timing npm Completed in 58543ms
930 info ok
