0 verbose cli /usr/local/bin/node /usr/local/bin/npm
1 info using npm@9.8.1
2 info using node@v19.9.0
3 timing npm:load:whichnode Completed in 2ms
4 timing config:load:defaults Completed in 2ms
5 timing config:load:file:/usr/local/lib/node_modules/npm/npmrc Completed in 8ms
6 timing config:load:builtin Completed in 8ms
7 timing config:load:cli Completed in 81ms
8 timing config:load:env Completed in 1ms
9 timing config:load:project Completed in 99ms
10 timing config:load:file:/home/container/.npmrc Completed in 1ms
11 timing config:load:user Completed in 1ms
12 timing config:load:file:/usr/local/etc/npmrc Completed in 1ms
13 timing config:load:global Completed in 2ms
14 timing config:load:setEnvs Completed in 3ms
15 timing config:load Completed in 198ms
16 timing npm:load:configload Completed in 198ms
17 timing config:load:flatten Completed in 82ms
18 timing npm:load:mkdirpcache Completed in 1ms
19 timing npm:load:mkdirplogs Completed in 0ms
20 verbose title npm install
21 verbose argv "install"
22 timing npm:load:setTitle Completed in 2ms
23 timing npm:load:display Completed in 3ms
24 verbose logfile logs-max:10 dir:/home/container/.npm/_logs/2024-04-09T06_38_57_783Z-
25 verbose logfile /home/container/.npm/_logs/2024-04-09T06_38_57_783Z-debug-0.log
26 timing npm:load:logFile Completed in 87ms
27 timing npm:load:timers Completed in 0ms
28 timing npm:load:configScope Completed in 0ms
29 timing npm:load Completed in 493ms
30 timing arborist:ctor Completed in 1ms
31 silly logfile start cleaning logs, removing 1 files
32 silly logfile done cleaning log files
33 timing idealTree:init Completed in 1296ms
34 timing idealTree:userRequests Completed in 1ms
35 silly idealTree buildDeps
36 timing idealTree:#root Completed in 0ms
37 timing idealTree:buildDeps Completed in 2ms
38 timing idealTree:fixDepFlags Completed in 0ms
39 timing idealTree Completed in 1304ms
40 timing arborist:ctor Completed in 1ms
41 timing reify:loadTrees Completed in 1787ms
42 timing reify:diffTrees Completed in 104ms
43 silly reify moves {}
44 timing reify:retireShallow Completed in 92ms
45 timing reify:createSparse Completed in 4ms
46 timing reify:loadBundles Completed in 0ms
47 silly audit bulk request {
47 silly audit   '@aero/centra': [ '1.0.8' ],
47 silly audit   '@babel/runtime': [ '7.24.1' ],
47 silly audit   '@discordjs/builders': [ '0.16.0' ],
47 silly audit   'discord-api-types': [ '0.36.3', '0.33.5' ],
47 silly audit   '@discordjs/collection': [ '0.1.6', '0.7.0' ],
47 silly audit   '@discordjs/form-data': [ '3.0.1' ],
47 silly audit   '@napi-rs/canvas': [ '0.1.51' ],
47 silly audit   '@napi-rs/canvas-android-arm64': [ '0.1.51' ],
47 silly audit   '@napi-rs/canvas-darwin-arm64': [ '0.1.51' ],
47 silly audit   '@napi-rs/canvas-darwin-x64': [ '0.1.51' ],
47 silly audit   '@napi-rs/canvas-linux-arm-gnueabihf': [ '0.1.51' ],
47 silly audit   '@napi-rs/canvas-linux-arm64-gnu': [ '0.1.51' ],
47 silly audit   '@napi-rs/canvas-linux-arm64-musl': [ '0.1.51' ],
47 silly audit   '@napi-rs/canvas-linux-x64-gnu': [ '0.1.51' ],
47 silly audit   '@napi-rs/canvas-linux-x64-musl': [ '0.1.51' ],
47 silly audit   '@napi-rs/canvas-win32-x64-msvc': [ '0.1.51' ],
47 silly audit   '@sapphire/async-queue': [ '1.5.2' ],
47 silly audit   '@sapphire/shapeshift': [ '3.9.7' ],
47 silly audit   '@types/node': [ '20.12.2' ],
47 silly audit   '@types/node-fetch': [ '2.6.11' ],
47 silly audit   '@types/ws': [ '8.5.10' ],
47 silly audit   'abort-controller': [ '3.0.0' ],
47 silly audit   'agent-base': [ '7.1.1' ],
47 silly audit   akaneko: [ '5.3.0' ],
47 silly audit   'aki-api': [ '6.0.9', '5.2.1' ],
47 silly audit   asap: [ '2.0.6' ],
47 silly audit   asynckit: [ '0.4.0' ],
47 silly audit   axios: [ '1.6.8', '0.21.4' ],
47 silly audit   bluebird: [ '3.7.2' ],
47 silly audit   boolbase: [ '1.0.0' ],
47 silly audit   'call-bind': [ '1.0.7' ],
47 silly audit   'capture-stack-trace': [ '1.0.2' ],
47 silly audit   cheerio: [ '1.0.0-rc.12' ],
47 silly audit   'cheerio-select': [ '2.1.0' ],
47 silly audit   'cli-color': [ '2.0.4' ],
47 silly audit   'combined-stream': [ '1.0.8' ],
47 silly audit   'common-tags': [ '1.8.2' ],
47 silly audit   'complex.js': [ '2.1.1' ],
47 silly audit   'component-emitter': [ '1.3.1' ],
47 silly audit   cookiejar: [ '2.1.4' ],
47 silly audit   'cpu-stat': [ '2.0.1' ],
47 silly audit   'create-error-class': [ '3.0.2' ],
47 silly audit   'cross-env': [ '7.0.3' ],
47 silly audit   'cross-fetch': [ '3.1.8' ],
47 silly audit   'node-fetch': [ '2.7.0', '3.3.2' ],
47 silly audit   'cross-spawn': [ '7.0.3' ],
47 silly audit   'css-select': [ '5.1.0' ],
47 silly audit   'css-what': [ '6.1.0' ],
47 silly audit   csvtojson: [ '2.0.10' ],
47 silly audit   d: [ '1.0.2' ],
47 silly audit   'data-uri-to-buffer': [ '4.0.1' ],
47 silly audit   dateformat: [ '5.0.3' ],
47 silly audit   debug: [ '4.3.4' ],
47 silly audit   ms: [ '2.1.2', '2.1.3' ],
47 silly audit   'decimal.js': [ '10.4.3' ],
47 silly audit   deepmerge: [ '4.3.1' ],
47 silly audit   'define-data-property': [ '1.1.4' ],
47 silly audit   'delayed-stream': [ '1.0.0' ],
47 silly audit   dezalgo: [ '1.0.4' ],
47 silly audit   'discord-buttons': [ '4.0.0' ],
47 silly audit   'discord-giveaways': [ '4.5.1' ],
47 silly audit   'discord-player': [ '4.1.4' ],
47 silly audit   'discord-ytdl-core': [ '5.0.4' ],
47 silly audit   'discord.js': [ '12.5.3', '13.17.1' ],
47 silly audit   'dom-serializer': [ '2.0.0' ],
47 silly audit   entities: [ '4.5.0', '2.2.0' ],
47 silly audit   domelementtype: [ '2.3.0' ],
47 silly audit   domhandler: [ '5.0.3' ],
47 silly audit   domutils: [ '3.1.0' ],
47 silly audit   dotenv: [ '16.4.5' ],
47 silly audit   duplexer3: [ '0.1.5' ],
47 silly audit   'easy-games-js': [ '1.2.1' ],
47 silly audit   'es-define-property': [ '1.0.0' ],
47 silly audit   'es-errors': [ '1.3.0' ],
47 silly audit   'es5-ext': [ '0.10.64' ],
47 silly audit   'es6-iterator': [ '2.0.3' ],
47 silly audit   'es6-symbol': [ '3.1.4' ],
47 silly audit   'es6-weak-map': [ '2.0.3' ],
47 silly audit   'escape-latex': [ '1.2.0' ],
47 silly audit   esniff: [ '2.0.1' ],
47 silly audit   'event-emitter': [ '0.3.5' ],
47 silly audit   'event-target-shim': [ '5.0.1' ],
47 silly audit   eventemitter3: [ '1.2.0' ],
47 silly audit   ext: [ '1.7.0' ],
47 silly audit   'fast-deep-equal': [ '3.1.3' ],
47 silly audit   'fast-safe-stringify': [ '2.1.1' ],
47 silly audit   'fetch-blob': [ '3.2.0' ],
47 silly audit   'follow-redirects': [ '1.15.6' ],
47 silly audit   'form-data': [ '4.0.0' ],
47 silly audit   'formdata-polyfill': [ '4.0.10' ],
47 silly audit   formidable: [ '2.1.2' ],
47 silly audit   'fraction.js': [ '4.3.4' ],
47 silly audit   'function-bind': [ '1.1.2' ],
47 silly audit   'get-intrinsic': [ '1.2.4' ],
47 silly audit   'get-stream': [ '3.0.0' ],
47 silly audit   gopd: [ '1.0.1' ],
47 silly audit   got: [ '6.7.1' ],
47 silly audit   'has-property-descriptors': [ '1.0.2' ],
47 silly audit   'has-proto': [ '1.0.3' ],
47 silly audit   'has-symbols': [ '1.0.3' ],
47 silly audit   hasown: [ '2.0.2' ],
47 silly audit   hexoid: [ '1.0.0' ],
47 silly audit   himalaya: [ '1.1.0' ],
47 silly audit   htmlparser2: [ '8.0.2' ],
47 silly audit   'https-proxy-agent': [ '6.2.1' ],
47 silly audit   imurmurhash: [ '0.1.4' ],
47 silly audit   'is-promise': [ '2.2.2' ],
47 silly audit   'is-redirect': [ '1.0.0' ],
47 silly audit   'is-retry-allowed': [ '1.2.0' ],
47 silly audit   'is-stream': [ '1.1.0' ],
47 silly audit   'is-utf8': [ '0.2.1' ],
47 silly audit   isexe: [ '2.0.0' ],
47 silly audit   'javascript-natural-sort': [ '0.7.1' ],
47 silly audit   lodash: [ '4.17.21' ],
47 silly audit   'lowercase-keys': [ '1.0.1' ],
47 silly audit   'lru-cache': [ '6.0.0' ],
47 silly audit   'lru-queue': [ '0.1.0' ],
47 silly audit   m3u8stream: [ '0.8.6' ],
47 silly audit   mathjs: [ '12.4.1' ],
47 silly audit   memoizee: [ '0.4.15' ],
47 silly audit   methods: [ '1.1.2' ],
47 silly audit   mime: [ '2.6.0' ],
47 silly audit   'mime-db': [ '1.52.0' ],
47 silly audit   'mime-types': [ '2.1.35' ],
47 silly audit   miniget: [ '4.2.3' ],
47 silly audit   moment: [ '2.30.1' ],
47 silly audit   'nekos.life': [ '3.0.0' ],
47 silly audit   'next-tick': [ '1.1.0' ],
47 silly audit   node_extra_ca_certs_mozilla_bundle: [ '1.0.6' ],
47 silly audit   'node-domexception': [ '1.0.0' ],
47 silly audit   novelcovid: [ '3.0.2' ],
47 silly audit   'nth-check': [ '2.1.1' ],
47 silly audit   'object-inspect': [ '1.13.1' ],
47 silly audit   once: [ '1.4.0' ],
47 silly audit   parse5: [ '7.1.2' ],
47 silly audit   'parse5-htmlparser2-tree-adapter': [ '7.0.0' ],
47 silly audit   'path-key': [ '3.1.1' ],
47 silly audit   'prepend-http': [ '1.0.4' ],
47 silly audit   'prism-media': [ '1.3.5' ],
47 silly audit   'proxy-from-env': [ '1.1.0' ],
47 silly audit   qs: [ '6.12.0' ],
47 silly audit   'quick.db': [ '9.1.7' ],
47 silly audit   'random-puppy': [ '1.1.0' ],
47 silly audit   randombytes: [ '2.1.0' ],
47 silly audit   'regenerator-runtime': [ '0.14.1' ],
47 silly audit   'rss-parser': [ '3.13.0' ],
47 silly audit   'safe-buffer': [ '5.2.1' ],
47 silly audit   sax: [ '1.3.0' ],
47 silly audit   seedrandom: [ '3.0.5' ],
47 silly audit   semver: [ '7.6.0' ],
47 silly audit   'serialize-javascript': [ '5.0.1' ],
47 silly audit   'set-function-length': [ '1.2.2' ],
47 silly audit   setimmediate: [ '1.0.5' ],
47 silly audit   'shebang-command': [ '2.0.0' ],
47 silly audit   'shebang-regex': [ '3.0.0' ],
47 silly audit   'side-channel': [ '1.0.6' ],
47 silly audit   'signal-exit': [ '4.1.0' ],
47 silly audit   snakecord: [ '1.0.9' ],
47 silly audit   ws: [ '8.16.0', '7.5.9' ],
47 silly audit   'soundcloud-scraper': [ '5.0.3' ],
47 silly audit   'spotify-uri': [ '2.2.2' ],
47 silly audit   'spotify-url-info': [ '2.2.9' ],
47 silly audit   'strip-bom': [ '2.0.0' ],
47 silly audit   superagent: [ '8.1.2' ],
47 silly audit   'timed-out': [ '4.0.1' ],
47 silly audit   'timers-ext': [ '0.1.7' ],
47 silly audit   'tiny-emitter': [ '2.1.0' ],
47 silly audit   tr46: [ '0.0.3' ],
47 silly audit   'ts-mixer': [ '6.0.4' ],
47 silly audit   tslib: [ '2.6.2' ],
47 silly audit   tweetnacl: [ '1.0.3' ],
47 silly audit   type: [ '2.7.2' ],
47 silly audit   'typed-function': [ '4.1.1' ],
47 silly audit   'undici-types': [ '5.26.5' ],
47 silly audit   'unique-random': [ '1.0.0' ],
47 silly audit   'unique-random-array': [ '1.0.1' ],
47 silly audit   'unzip-response': [ '2.0.1' ],
47 silly audit   'url-parse-lax': [ '1.0.0' ],
47 silly audit   'web-streams-polyfill': [ '3.3.3' ],
47 silly audit   'webidl-conversions': [ '3.0.1' ],
47 silly audit   'whatwg-url': [ '5.0.0' ],
47 silly audit   which: [ '2.0.2' ],
47 silly audit   wrappy: [ '1.0.2' ],
47 silly audit   'write-file-atomic': [ '5.0.1' ],
47 silly audit   xml2js: [ '0.5.0' ],
47 silly audit   xmlbuilder: [ '11.0.1' ],
47 silly audit   yallist: [ '4.0.0' ],
47 silly audit   'youtube-sr': [ '4.3.10' ],
47 silly audit   'ytdl-core': [ '4.11.5' ]
47 silly audit }
48 verbose reify failed optional dependency /home/container/node_modules/@napi-rs/canvas-win32-x64-msvc
49 silly reify mark deleted [ '/home/container/node_modules/@napi-rs/canvas-win32-x64-msvc' ]
50 verbose reify failed optional dependency /home/container/node_modules/@napi-rs/canvas-linux-arm64-musl
51 silly reify mark deleted [ '/home/container/node_modules/@napi-rs/canvas-linux-arm64-musl' ]
52 verbose reify failed optional dependency /home/container/node_modules/@napi-rs/canvas-linux-arm64-gnu
53 silly reify mark deleted [ '/home/container/node_modules/@napi-rs/canvas-linux-arm64-gnu' ]
54 verbose reify failed optional dependency /home/container/node_modules/@napi-rs/canvas-linux-arm-gnueabihf
55 silly reify mark deleted [ '/home/container/node_modules/@napi-rs/canvas-linux-arm-gnueabihf' ]
56 verbose reify failed optional dependency /home/container/node_modules/@napi-rs/canvas-darwin-x64
57 silly reify mark deleted [ '/home/container/node_modules/@napi-rs/canvas-darwin-x64' ]
58 verbose reify failed optional dependency /home/container/node_modules/@napi-rs/canvas-darwin-arm64
59 silly reify mark deleted [ '/home/container/node_modules/@napi-rs/canvas-darwin-arm64' ]
60 verbose reify failed optional dependency /home/container/node_modules/@napi-rs/canvas-android-arm64
61 silly reify mark deleted [ '/home/container/node_modules/@napi-rs/canvas-android-arm64' ]
62 timing reifyNode:node_modules/@napi-rs/canvas-win32-x64-msvc Completed in 387ms
63 timing reifyNode:node_modules/@napi-rs/canvas-linux-arm64-musl Completed in 387ms
64 timing reifyNode:node_modules/@napi-rs/canvas-linux-arm64-gnu Completed in 386ms
65 timing reifyNode:node_modules/@napi-rs/canvas-linux-arm-gnueabihf Completed in 386ms
66 timing reifyNode:node_modules/@napi-rs/canvas-darwin-x64 Completed in 386ms
67 timing reifyNode:node_modules/@napi-rs/canvas-darwin-arm64 Completed in 385ms
68 timing reifyNode:node_modules/@napi-rs/canvas-android-arm64 Completed in 385ms
69 timing reify:unpack Completed in 388ms
70 timing reify:unretire Completed in 0ms
71 timing build:queue Completed in 9ms
72 timing build:deps Completed in 9ms
73 timing build Completed in 9ms
74 timing reify:build Completed in 10ms
75 timing reify:trash Completed in 7ms
76 timing reify:save Completed in 489ms
77 http fetch POST 200 https://registry.npmjs.org/-/npm/v1/security/advisories/bulk 1577ms
78 timing auditReport:getReport Completed in 1672ms
79 silly audit report {
79 silly audit report   axios: [
79 silly audit report     {
79 silly audit report       id: 1096525,
79 silly audit report       url: 'https://github.com/advisories/GHSA-wf5p-g6vw-rhxx',
79 silly audit report       title: 'Axios Cross-Site Request Forgery Vulnerability',
79 silly audit report       severity: 'moderate',
79 silly audit report       vulnerable_versions: '>=0.8.1 <0.28.0',
79 silly audit report       cwe: [Array],
79 silly audit report       cvss: [Object]
79 silly audit report     }
79 silly audit report   ],
79 silly audit report   got: [
79 silly audit report     {
79 silly audit report       id: 1088948,
79 silly audit report       url: 'https://github.com/advisories/GHSA-pfrx-2q88-qq97',
79 silly audit report       title: 'Got allows a redirect to a UNIX socket',
79 silly audit report       severity: 'moderate',
79 silly audit report       vulnerable_versions: '<11.8.5',
79 silly audit report       cwe: [],
79 silly audit report       cvss: [Object]
79 silly audit report     }
79 silly audit report   ]
79 silly audit report }
80 timing metavuln:cache:get:security-advisory:axios:DWOj4TL+QC2jnljHYf8aCi6iPBcYq+0LOKjdzNVokECbG1iHEswe3GrSJSIK7xUS0P6cxBtfohelQazrR3iLYA== Completed in 10ms
81 timing metavuln:cache:get:security-advisory:got:6RwqOtyKHRfIYfVtDkU86+jmAkm03OLYFGvOQUWcpuzfU8h8RNz3w5ZFTGeJ+8QNC0jGK3xFL9UvdqMN+kLCrg== Completed in 8ms
82 http fetch GET 200 https://registry.npmjs.org/axios 85ms (cache revalidated)
83 timing metavuln:packument:axios Completed in 90ms
84 timing metavuln:load:security-advisory:axios:1096525 Completed in 2ms
85 timing metavuln:calculate:security-advisory:axios:1096525 Completed in 93ms
86 http fetch GET 200 https://registry.npmjs.org/got 191ms (cache revalidated)
87 timing metavuln:packument:got Completed in 195ms
88 timing metavuln:load:security-advisory:got:1088948 Completed in 1ms
89 timing metavuln:calculate:security-advisory:got:1088948 Completed in 196ms
90 timing metavuln:cache:get:security-advisory:aki-api:Q657zaFtkwL+WxA5q7cry8iX+GN/PBzSG7PbwNQGIVMWZXrSA8DyfxCNj2j1VkH1YKM4/BJiOFkttkrPV/wYIA== Completed in 1ms
91 http fetch GET 200 https://registry.npmjs.org/aki-api 81ms (cache revalidated)
92 timing metavuln:packument:aki-api Completed in 82ms
93 timing metavuln:load:security-advisory:aki-api:DWOj4TL+QC2jnljHYf8aCi6iPBcYq+0LOKjdzNVokECbG1iHEswe3GrSJSIK7xUS0P6cxBtfohelQazrR3iLYA== Completed in 0ms
94 timing metavuln:calculate:security-advisory:aki-api:DWOj4TL+QC2jnljHYf8aCi6iPBcYq+0LOKjdzNVokECbG1iHEswe3GrSJSIK7xUS0P6cxBtfohelQazrR3iLYA== Completed in 82ms
95 timing metavuln:cache:get:security-advisory:random-puppy:E9GzINaCqqryefxkJTKrXrLPZPNAexKrLyGGbF0r+a56ERkvWevb055VZu6906o5fU8uDrjoNuI5rV8eXAchGA== Completed in 3ms
96 http fetch GET 200 https://registry.npmjs.org/random-puppy 726ms (cache revalidated)
97 timing metavuln:packument:random-puppy Completed in 727ms
98 timing metavuln:load:security-advisory:random-puppy:6RwqOtyKHRfIYfVtDkU86+jmAkm03OLYFGvOQUWcpuzfU8h8RNz3w5ZFTGeJ+8QNC0jGK3xFL9UvdqMN+kLCrg== Completed in 0ms
99 timing metavuln:calculate:security-advisory:random-puppy:6RwqOtyKHRfIYfVtDkU86+jmAkm03OLYFGvOQUWcpuzfU8h8RNz3w5ZFTGeJ+8QNC0jGK3xFL9UvdqMN+kLCrg== Completed in 727ms
100 timing metavuln:cache:get:security-advisory:easy-games-js:hi6oJFFI9LLEjKbG/2T+5g2l7pPvs7KOxgwmcOSkXvGvoCFb/tHF15N/C/7OtDwL5/9UHEoM+HXoK2akHRVmQA== Completed in 4ms
101 http fetch GET 200 https://registry.npmjs.org/easy-games-js 256ms (cache revalidated)
102 timing metavuln:packument:easy-games-js Completed in 257ms
103 timing metavuln:load:security-advisory:easy-games-js:Q657zaFtkwL+WxA5q7cry8iX+GN/PBzSG7PbwNQGIVMWZXrSA8DyfxCNj2j1VkH1YKM4/BJiOFkttkrPV/wYIA== Completed in 0ms
104 timing metavuln:calculate:security-advisory:easy-games-js:Q657zaFtkwL+WxA5q7cry8iX+GN/PBzSG7PbwNQGIVMWZXrSA8DyfxCNj2j1VkH1YKM4/BJiOFkttkrPV/wYIA== Completed in 258ms
105 timing auditReport:init Completed in 1276ms
106 timing reify:audit Completed in 2950ms
107 timing reify Completed in 4955ms
108 silly ADD
109 silly ADD
110 silly ADD
111 silly ADD
112 silly ADD
113 silly ADD
114 silly ADD
115 timing command:install Completed in 5184ms
116 verbose exit 0
117 timing npm Completed in 7212ms
118 info ok
